[    5790ms] [INFO] %cDownload the React DevTools for a better development experience: https://react.dev/link/react-devtools font-weight:bold @ http://localhost:3000/_next/static/chunks/node_modules_next_dist_compiled_react-dom_1e674e59._.js:14537
[    8270ms] [LOG] [Fast Refresh] rebuilding @ http://localhost:3000/_next/static/chunks/node_modules_next_dist_client_cf1d9188._.js:5949
[    8863ms] [LOG] [Fast Refresh] done in 694ms @ http://localhost:3000/_next/static/chunks/node_modules_next_dist_client_cf1d9188._.js:5809
[   12075ms] [WARNING] The resource http://localhost:3000/_next/static/chunks/%5Broot-of-the-server%5D__95642460._.css was preloaded using link preload but not used within a few seconds from the window's load event. Please make sure it has an appropriate `as` value and it is preloaded intentionally. @ http://localhost:3000/dataxet-sonar/p/cmosdwpvf0001ubaerxyl0nch:0
[   52240ms] [LOG] [Fast Refresh] rebuilding @ http://localhost:3000/_next/static/chunks/node_modules_next_dist_client_cf1d9188._.js:5949
[   52315ms] [LOG] [Fast Refresh] done in 176ms @ http://localhost:3000/_next/static/chunks/node_modules_next_dist_client_cf1d9188._.js:5809
[   86967ms] [LOG] [Fast Refresh] rebuilding @ http://localhost:3000/_next/static/chunks/node_modules_next_dist_client_cf1d9188._.js:5949
[   87064ms] [LOG] [Fast Refresh] done in 199ms @ http://localhost:3000/_next/static/chunks/node_modules_next_dist_client_cf1d9188._.js:5809
[   97435ms] [LOG] [Fast Refresh] rebuilding @ http://localhost:3000/_next/static/chunks/node_modules_next_dist_client_cf1d9188._.js:5949
[   98856ms] [LOG] [Fast Refresh] done in 1523ms @ http://localhost:3000/_next/static/chunks/node_modules_next_dist_client_cf1d9188._.js:5809
[   99108ms] [LOG] [Fast Refresh] rebuilding @ http://localhost:3000/_next/static/chunks/node_modules_next_dist_client_cf1d9188._.js:5949
[   99315ms] [LOG] [Fast Refresh] done in 308ms @ http://localhost:3000/_next/static/chunks/node_modules_next_dist_client_cf1d9188._.js:5809
[  102750ms] [LOG] [Fast Refresh] rebuilding @ http://localhost:3000/_next/static/chunks/node_modules_next_dist_client_cf1d9188._.js:5949
[  104339ms] [LOG] [Fast Refresh] done in 1691ms @ http://localhost:3000/_next/static/chunks/node_modules_next_dist_client_cf1d9188._.js:5809
[  104441ms] [LOG] [Fast Refresh] rebuilding @ http://localhost:3000/_next/static/chunks/node_modules_next_dist_client_cf1d9188._.js:5949
[  104546ms] [LOG] [Fast Refresh] done in 206ms @ http://localhost:3000/_next/static/chunks/node_modules_next_dist_client_cf1d9188._.js:5809
[  105705ms] [LOG] [Fast Refresh] rebuilding @ http://localhost:3000/_next/static/chunks/node_modules_next_dist_client_cf1d9188._.js:5949
[  105756ms] [LOG] [Fast Refresh] done in 153ms @ http://localhost:3000/_next/static/chunks/node_modules_next_dist_client_cf1d9188._.js:5809
[  105865ms] [LOG] [Fast Refresh] rebuilding @ http://localhost:3000/_next/static/chunks/node_modules_next_dist_client_cf1d9188._.js:5949
[  106134ms] [LOG] [Fast Refresh] done in 369ms @ http://localhost:3000/_next/static/chunks/node_modules_next_dist_client_cf1d9188._.js:5809
[  125465ms] [LOG] [Fast Refresh] rebuilding @ http://localhost:3000/_next/static/chunks/node_modules_next_dist_client_cf1d9188._.js:5949
[  125647ms] [LOG] [Fast Refresh] done in 284ms @ http://localhost:3000/_next/static/chunks/node_modules_next_dist_client_cf1d9188._.js:5809
[  125752ms] [LOG] [Fast Refresh] rebuilding @ http://localhost:3000/_next/static/chunks/node_modules_next_dist_client_cf1d9188._.js:5949
[  125874ms] [LOG] [Fast Refresh] done in 224ms @ http://localhost:3000/_next/static/chunks/node_modules_next_dist_client_cf1d9188._.js:5809
[  186196ms] [LOG] [Fast Refresh] rebuilding @ http://localhost:3000/_next/static/chunks/node_modules_next_dist_client_cf1d9188._.js:5949
[  186288ms] [LOG] [Fast Refresh] done in 195ms @ http://localhost:3000/_next/static/chunks/node_modules_next_dist_client_cf1d9188._.js:5809
[  336575ms] [LOG] [Fast Refresh] rebuilding @ http://localhost:3000/_next/static/chunks/node_modules_next_dist_client_cf1d9188._.js:5949
[  336808ms] [LOG] [Fast Refresh] done in 334ms @ http://localhost:3000/_next/static/chunks/node_modules_next_dist_client_cf1d9188._.js:5809
[  358149ms] [LOG] [Fast Refresh] rebuilding @ http://localhost:3000/_next/static/chunks/node_modules_next_dist_client_cf1d9188._.js:5949
[  358150ms] [LOG] [Fast Refresh] done in 102ms @ http://localhost:3000/_next/static/chunks/node_modules_next_dist_client_cf1d9188._.js:5809
[  364555ms] [WARNING] A user uses an unsupported color format {name: cendiqkrn@gmail.com, color: var(--presence-6), userId: cmos8c1oy0000ubvlew517zno, avatarUrl: null} @ http://localhost:3000/_next/static/chunks/node_modules_9f223de4._.js:11267
[  364584ms] [WARNING] A user uses an unsupported color format {name: cendiqkrn@gmail.com, color: var(--presence-6), userId: cmos8c1oy0000ubvlew517zno, avatarUrl: null} @ http://localhost:3000/_next/static/chunks/node_modules_9f223de4._.js:11267
[  366493ms] [LOG] [Fast Refresh] rebuilding @ http://localhost:3000/_next/static/chunks/node_modules_next_dist_client_cf1d9188._.js:5949
[  367224ms] [WARNING] A user uses an unsupported color format {name: cendiqkrn@gmail.com, color: var(--presence-6), userId: cmos8c1oy0000ubvlew517zno, avatarUrl: null} @ http://localhost:3000/_next/static/chunks/node_modules_9f223de4._.js:11267
[  367231ms] [WARNING] A user uses an unsupported color format {name: cendiqkrn@gmail.com, color: var(--presence-6), userId: cmos8c1oy0000ubvlew517zno, avatarUrl: null} @ http://localhost:3000/_next/static/chunks/node_modules_9f223de4._.js:11267
[  367241ms] [WARNING] A user uses an unsupported color format {name: cendiqkrn@gmail.com, color: var(--presence-6), userId: cmos8c1oy0000ubvlew517zno, avatarUrl: null} @ http://localhost:3000/_next/static/chunks/node_modules_9f223de4._.js:11267
[  367246ms] [WARNING] A user uses an unsupported color format {name: cendiqkrn@gmail.com, color: var(--presence-6), userId: cmos8c1oy0000ubvlew517zno, avatarUrl: null} @ http://localhost:3000/_next/static/chunks/node_modules_9f223de4._.js:11267
[  367254ms] [WARNING] A user uses an unsupported color format {name: cendiqkrn@gmail.com, color: var(--presence-6), userId: cmos8c1oy0000ubvlew517zno, avatarUrl: null} @ http://localhost:3000/_next/static/chunks/node_modules_9f223de4._.js:11267
[  367259ms] [WARNING] A user uses an unsupported color format {name: cendiqkrn@gmail.com, color: var(--presence-6), userId: cmos8c1oy0000ubvlew517zno, avatarUrl: null} @ http://localhost:3000/_next/static/chunks/node_modules_9f223de4._.js:11267
[  367263ms] [WARNING] A user uses an unsupported color format {name: cendiqkrn@gmail.com, color: var(--presence-6), userId: cmos8c1oy0000ubvlew517zno, avatarUrl: null} @ http://localhost:3000/_next/static/chunks/node_modules_9f223de4._.js:11267
[  367267ms] [WARNING] A user uses an unsupported color format {name: cendiqkrn@gmail.com, color: var(--presence-6), userId: cmos8c1oy0000ubvlew517zno, avatarUrl: null} @ http://localhost:3000/_next/static/chunks/node_modules_9f223de4._.js:11267
[  367270ms] [WARNING] A user uses an unsupported color format {name: cendiqkrn@gmail.com, color: var(--presence-6), userId: cmos8c1oy0000ubvlew517zno, avatarUrl: null} @ http://localhost:3000/_next/static/chunks/node_modules_9f223de4._.js:11267
[  367275ms] [WARNING] A user uses an unsupported color format {name: cendiqkrn@gmail.com, color: var(--presence-6), userId: cmos8c1oy0000ubvlew517zno, avatarUrl: null} @ http://localhost:3000/_next/static/chunks/node_modules_9f223de4._.js:11267
[  367669ms] [LOG] [Fast Refresh] done in 1277ms @ http://localhost:3000/_next/static/chunks/node_modules_next_dist_client_cf1d9188._.js:5809
[  384732ms] [LOG] [Fast Refresh] rebuilding @ http://localhost:3000/_next/static/chunks/node_modules_next_dist_client_cf1d9188._.js:5949
[  384836ms] [LOG] [Fast Refresh] done in 206ms @ http://localhost:3000/_next/static/chunks/node_modules_next_dist_client_cf1d9188._.js:5809
[  386184ms] [LOG] [Fast Refresh] rebuilding @ http://localhost:3000/_next/static/chunks/node_modules_next_dist_client_cf1d9188._.js:5949
[  386200ms] [LOG] [Fast Refresh] done in 117ms @ http://localhost:3000/_next/static/chunks/node_modules_next_dist_client_cf1d9188._.js:5809
[  398967ms] [LOG] [Fast Refresh] rebuilding @ http://localhost:3000/_next/static/chunks/node_modules_next_dist_client_cf1d9188._.js:5949
[  399034ms] [LOG] [Fast Refresh] done in 169ms @ http://localhost:3000/_next/static/chunks/node_modules_next_dist_client_cf1d9188._.js:5809
[  399309ms] [ERROR] WebSocket connection to 'ws://localhost:1234/' failed: Error in connection establishment: net::ERR_CONNECTION_REFUSED @ http://localhost:3000/_next/static/chunks/node_modules_%40hocuspocus_bbb5bd47._.js:1991
[  399320ms] [ERROR] WebSocket connection to 'ws://localhost:1234/' failed: Error in connection establishment: net::ERR_CONNECTION_REFUSED @ http://localhost:3000/_next/static/chunks/node_modules_%40hocuspocus_bbb5bd47._.js:1991
[  400316ms] [ERROR] WebSocket connection to 'ws://localhost:1234/' failed: Error in connection establishment: net::ERR_CONNECTION_REFUSED @ http://localhost:3000/_next/static/chunks/node_modules_%40hocuspocus_bbb5bd47._.js:1991
[  400327ms] [ERROR] WebSocket connection to 'ws://localhost:1234/' failed: Error in connection establishment: net::ERR_CONNECTION_REFUSED @ http://localhost:3000/_next/static/chunks/node_modules_%40hocuspocus_bbb5bd47._.js:1991
[  403580ms] [ERROR] WebSocket connection to 'ws://localhost:1234/' failed: Error in connection establishment: net::ERR_CONNECTION_REFUSED @ http://localhost:3000/_next/static/chunks/node_modules_%40hocuspocus_bbb5bd47._.js:1991
[  403591ms] [ERROR] WebSocket connection to 'ws://localhost:1234/' failed: Error in connection establishment: net::ERR_CONNECTION_REFUSED @ http://localhost:3000/_next/static/chunks/node_modules_%40hocuspocus_bbb5bd47._.js:1991
[  405070ms] [ERROR] WebSocket connection to 'ws://localhost:1234/' failed: Error in connection establishment: net::ERR_CONNECTION_REFUSED @ http://localhost:3000/_next/static/chunks/node_modules_%40hocuspocus_bbb5bd47._.js:1991
[  405375ms] [ERROR] WebSocket connection to 'ws://localhost:1234/' failed: Error in connection establishment: net::ERR_CONNECTION_REFUSED @ http://localhost:3000/_next/static/chunks/node_modules_%40hocuspocus_bbb5bd47._.js:1991
[  410456ms] [ERROR] WebSocket connection to 'ws://localhost:1234/' failed: Error in connection establishment: net::ERR_CONNECTION_REFUSED @ http://localhost:3000/_next/static/chunks/node_modules_%40hocuspocus_bbb5bd47._.js:1991
[  412442ms] [ERROR] WebSocket connection to 'ws://localhost:1234/' failed: Error in connection establishment: net::ERR_CONNECTION_REFUSED @ http://localhost:3000/_next/static/chunks/node_modules_%40hocuspocus_bbb5bd47._.js:1991
[  416478ms] [ERROR] WebSocket connection to 'ws://localhost:1234/' failed: Error in connection establishment: net::ERR_CONNECTION_REFUSED @ http://localhost:3000/_next/static/chunks/node_modules_%40hocuspocus_bbb5bd47._.js:1991
[  419018ms] [ERROR] WebSocket connection to 'ws://localhost:1234/' failed: Error in connection establishment: net::ERR_CONNECTION_REFUSED @ http://localhost:3000/_next/static/chunks/node_modules_%40hocuspocus_bbb5bd47._.js:1991
[  428433ms] [ERROR] WebSocket connection to 'ws://localhost:1234/' failed: Error in connection establishment: net::ERR_CONNECTION_REFUSED @ http://localhost:3000/_next/static/chunks/node_modules_%40hocuspocus_bbb5bd47._.js:1991
[  428836ms] [ERROR] WebSocket connection to 'ws://localhost:1234/' failed: Error in connection establishment: net::ERR_CONNECTION_REFUSED @ http://localhost:3000/_next/static/chunks/node_modules_%40hocuspocus_bbb5bd47._.js:1991
[  429978ms] [ERROR] WebSocket connection to 'ws://localhost:1234/' failed: Error in connection establishment: net::ERR_CONNECTION_REFUSED @ http://localhost:3000/_next/static/chunks/node_modules_%40hocuspocus_bbb5bd47._.js:1991
[  439827ms] [ERROR] WebSocket connection to 'ws://localhost:1234/' failed: Error in connection establishment: net::ERR_CONNECTION_REFUSED @ http://localhost:3000/_next/static/chunks/node_modules_%40hocuspocus_bbb5bd47._.js:1991
[  445349ms] [ERROR] WebSocket connection to 'ws://localhost:1234/' failed: Error in connection establishment: net::ERR_CONNECTION_REFUSED @ http://localhost:3000/_next/static/chunks/node_modules_%40hocuspocus_bbb5bd47._.js:1991
[  453002ms] [ERROR] WebSocket connection to 'ws://localhost:1234/' failed: Error in connection establishment: net::ERR_CONNECTION_REFUSED @ http://localhost:3000/_next/static/chunks/node_modules_%40hocuspocus_bbb5bd47._.js:1991
[  463630ms] [ERROR] WebSocket connection to 'ws://localhost:1234/' failed: Error in connection establishment: net::ERR_CONNECTION_REFUSED @ http://localhost:3000/_next/static/chunks/node_modules_%40hocuspocus_bbb5bd47._.js:1991
[  468201ms] [ERROR] WebSocket connection to 'ws://localhost:1234/' failed: Error in connection establishment: net::ERR_CONNECTION_REFUSED @ http://localhost:3000/_next/static/chunks/node_modules_%40hocuspocus_bbb5bd47._.js:1991
[  477103ms] [ERROR] WebSocket connection to 'ws://localhost:1234/' failed: Error in connection establishment: net::ERR_CONNECTION_REFUSED @ http://localhost:3000/_next/static/chunks/node_modules_%40hocuspocus_bbb5bd47._.js:1991
[  477439ms] [ERROR] WebSocket connection to 'ws://localhost:1234/' failed: Error in connection establishment: net::ERR_CONNECTION_REFUSED @ http://localhost:3000/_next/static/chunks/node_modules_%40hocuspocus_bbb5bd47._.js:1991
[  497037ms] [ERROR] WebSocket connection to 'ws://localhost:1234/' failed: Error in connection establishment: net::ERR_CONNECTION_REFUSED @ http://localhost:3000/_next/static/chunks/node_modules_%40hocuspocus_bbb5bd47._.js:1991
[  506134ms] [WARNING] A user uses an unsupported color format {name: cendiqkrn@gmail.com, color: var(--presence-6), userId: cmos8c1oy0000ubvlew517zno, avatarUrl: null} @ http://localhost:3000/_next/static/chunks/node_modules_9f223de4._.js:11267
[  507885ms] [WARNING] A user uses an unsupported color format {name: cendiqkrn@gmail.com, color: var(--presence-6), userId: cmos8c1oy0000ubvlew517zno, avatarUrl: null} @ http://localhost:3000/_next/static/chunks/node_modules_9f223de4._.js:11267
[  519616ms] [WARNING] A user uses an unsupported color format {name: cendeki4pp@gmail.com, color: var(--presence-5), userId: cmos8zj4a0007ubrdp7oskb4i, avatarUrl: null} @ http://localhost:3000/_next/static/chunks/node_modules_9f223de4._.js:11267
[  519672ms] [WARNING] A user uses an unsupported color format {name: cendeki4pp@gmail.com, color: var(--presence-5), userId: cmos8zj4a0007ubrdp7oskb4i, avatarUrl: null} @ http://localhost:3000/_next/static/chunks/node_modules_9f223de4._.js:11267
[  523918ms] [WARNING] A user uses an unsupported color format {name: cendiqkrn@gmail.com, color: var(--presence-6), userId: cmos8c1oy0000ubvlew517zno, avatarUrl: null} @ http://localhost:3000/_next/static/chunks/node_modules_9f223de4._.js:11267
[  523918ms] [WARNING] A user uses an unsupported color format {name: cendeki4pp@gmail.com, color: var(--presence-5), userId: cmos8zj4a0007ubrdp7oskb4i, avatarUrl: null} @ http://localhost:3000/_next/static/chunks/node_modules_9f223de4._.js:11267
[  523944ms] [WARNING] A user uses an unsupported color format {name: cendiqkrn@gmail.com, color: var(--presence-6), userId: cmos8c1oy0000ubvlew517zno, avatarUrl: null} @ http://localhost:3000/_next/static/chunks/node_modules_9f223de4._.js:11267
[  523944ms] [WARNING] A user uses an unsupported color format {name: cendeki4pp@gmail.com, color: var(--presence-5), userId: cmos8zj4a0007ubrdp7oskb4i, avatarUrl: null} @ http://localhost:3000/_next/static/chunks/node_modules_9f223de4._.js:11267
[  524321ms] [WARNING] A user uses an unsupported color format {name: cendiqkrn@gmail.com, color: var(--presence-6), userId: cmos8c1oy0000ubvlew517zno, avatarUrl: null} @ http://localhost:3000/_next/static/chunks/node_modules_9f223de4._.js:11267
[  524321ms] [WARNING] A user uses an unsupported color format {name: cendeki4pp@gmail.com, color: var(--presence-5), userId: cmos8zj4a0007ubrdp7oskb4i, avatarUrl: null} @ http://localhost:3000/_next/static/chunks/node_modules_9f223de4._.js:11267
[  528534ms] [WARNING] A user uses an unsupported color format {name: cendiqkrn@gmail.com, color: var(--presence-6), userId: cmos8c1oy0000ubvlew517zno, avatarUrl: null} @ http://localhost:3000/_next/static/chunks/node_modules_9f223de4._.js:11267
[  528535ms] [WARNING] A user uses an unsupported color format {name: cendeki4pp@gmail.com, color: var(--presence-5), userId: cmos8zj4a0007ubrdp7oskb4i, avatarUrl: null} @ http://localhost:3000/_next/static/chunks/node_modules_9f223de4._.js:11267
[  539296ms] [WARNING] A user uses an unsupported color format {name: cendiqkrn@gmail.com, color: var(--presence-6), userId: cmos8c1oy0000ubvlew517zno, avatarUrl: null} @ http://localhost:3000/_next/static/chunks/node_modules_9f223de4._.js:11267
[  539299ms] [WARNING] A user uses an unsupported color format {name: cendeki4pp@gmail.com, color: var(--presence-5), userId: cmos8zj4a0007ubrdp7oskb4i, avatarUrl: null} @ http://localhost:3000/_next/static/chunks/node_modules_9f223de4._.js:11267
[  539336ms] [WARNING] A user uses an unsupported color format {name: cendiqkrn@gmail.com, color: var(--presence-6), userId: cmos8c1oy0000ubvlew517zno, avatarUrl: null} @ http://localhost:3000/_next/static/chunks/node_modules_9f223de4._.js:11267
[  539337ms] [WARNING] A user uses an unsupported color format {name: cendeki4pp@gmail.com, color: var(--presence-5), userId: cmos8zj4a0007ubrdp7oskb4i, avatarUrl: null} @ http://localhost:3000/_next/static/chunks/node_modules_9f223de4._.js:11267
[  539373ms] [WARNING] A user uses an unsupported color format {name: cendiqkrn@gmail.com, color: var(--presence-6), userId: cmos8c1oy0000ubvlew517zno, avatarUrl: null} @ http://localhost:3000/_next/static/chunks/node_modules_9f223de4._.js:11267
[  539373ms] [WARNING] A user uses an unsupported color format {name: cendeki4pp@gmail.com, color: var(--presence-5), userId: cmos8zj4a0007ubrdp7oskb4i, avatarUrl: null} @ http://localhost:3000/_next/static/chunks/node_modules_9f223de4._.js:11267
[  539457ms] [WARNING] A user uses an unsupported color format {name: cendiqkrn@gmail.com, color: var(--presence-6), userId: cmos8c1oy0000ubvlew517zno, avatarUrl: null} @ http://localhost:3000/_next/static/chunks/node_modules_9f223de4._.js:11267
[  539457ms] [WARNING] A user uses an unsupported color format {name: cendeki4pp@gmail.com, color: var(--presence-5), userId: cmos8zj4a0007ubrdp7oskb4i, avatarUrl: null} @ http://localhost:3000/_next/static/chunks/node_modules_9f223de4._.js:11267
[  544174ms] [WARNING] A user uses an unsupported color format {name: cendiqkrn@gmail.com, color: var(--presence-6), userId: cmos8c1oy0000ubvlew517zno, avatarUrl: null} @ http://localhost:3000/_next/static/chunks/node_modules_9f223de4._.js:11267
[  544175ms] [WARNING] A user uses an unsupported color format {name: cendeki4pp@gmail.com, color: var(--presence-5), userId: cmos8zj4a0007ubrdp7oskb4i, avatarUrl: null} @ http://localhost:3000/_next/static/chunks/node_modules_9f223de4._.js:11267
[  545925ms] [WARNING] A user uses an unsupported color format {name: cendiqkrn@gmail.com, color: var(--presence-6), userId: cmos8c1oy0000ubvlew517zno, avatarUrl: null} @ http://localhost:3000/_next/static/chunks/node_modules_9f223de4._.js:11267
[  545926ms] [WARNING] A user uses an unsupported color format {name: cendeki4pp@gmail.com, color: var(--presence-5), userId: cmos8zj4a0007ubrdp7oskb4i, avatarUrl: null} @ http://localhost:3000/_next/static/chunks/node_modules_9f223de4._.js:11267
[  546515ms] [WARNING] A user uses an unsupported color format {name: cendiqkrn@gmail.com, color: var(--presence-6), userId: cmos8c1oy0000ubvlew517zno, avatarUrl: null} @ http://localhost:3000/_next/static/chunks/node_modules_9f223de4._.js:11267
[  546516ms] [WARNING] A user uses an unsupported color format {name: cendeki4pp@gmail.com, color: var(--presence-5), userId: cmos8zj4a0007ubrdp7oskb4i, avatarUrl: null} @ http://localhost:3000/_next/static/chunks/node_modules_9f223de4._.js:11267
[  547044ms] [WARNING] A user uses an unsupported color format {name: cendiqkrn@gmail.com, color: var(--presence-6), userId: cmos8c1oy0000ubvlew517zno, avatarUrl: null} @ http://localhost:3000/_next/static/chunks/node_modules_9f223de4._.js:11267
[  547044ms] [WARNING] A user uses an unsupported color format {name: cendeki4pp@gmail.com, color: var(--presence-5), userId: cmos8zj4a0007ubrdp7oskb4i, avatarUrl: null} @ http://localhost:3000/_next/static/chunks/node_modules_9f223de4._.js:11267
[  551186ms] [WARNING] A user uses an unsupported color format {name: cendiqkrn@gmail.com, color: var(--presence-6), userId: cmos8c1oy0000ubvlew517zno, avatarUrl: null} @ http://localhost:3000/_next/static/chunks/node_modules_9f223de4._.js:11267
[  551187ms] [WARNING] A user uses an unsupported color format {name: cendeki4pp@gmail.com, color: var(--presence-5), userId: cmos8zj4a0007ubrdp7oskb4i, avatarUrl: null} @ http://localhost:3000/_next/static/chunks/node_modules_9f223de4._.js:11267
[  551250ms] [WARNING] A user uses an unsupported color format {name: cendiqkrn@gmail.com, color: var(--presence-6), userId: cmos8c1oy0000ubvlew517zno, avatarUrl: null} @ http://localhost:3000/_next/static/chunks/node_modules_9f223de4._.js:11267
[  551250ms] [WARNING] A user uses an unsupported color format {name: cendeki4pp@gmail.com, color: var(--presence-5), userId: cmos8zj4a0007ubrdp7oskb4i, avatarUrl: null} @ http://localhost:3000/_next/static/chunks/node_modules_9f223de4._.js:11267
[  551382ms] [WARNING] A user uses an unsupported color format {name: cendiqkrn@gmail.com, color: var(--presence-6), userId: cmos8c1oy0000ubvlew517zno, avatarUrl: null} @ http://localhost:3000/_next/static/chunks/node_modules_9f223de4._.js:11267
[  551382ms] [WARNING] A user uses an unsupported color format {name: cendeki4pp@gmail.com, color: var(--presence-5), userId: cmos8zj4a0007ubrdp7oskb4i, avatarUrl: null} @ http://localhost:3000/_next/static/chunks/node_modules_9f223de4._.js:11267
[  551512ms] [WARNING] A user uses an unsupported color format {name: cendiqkrn@gmail.com, color: var(--presence-6), userId: cmos8c1oy0000ubvlew517zno, avatarUrl: null} @ http://localhost:3000/_next/static/chunks/node_modules_9f223de4._.js:11267
[  551512ms] [WARNING] A user uses an unsupported color format {name: cendeki4pp@gmail.com, color: var(--presence-5), userId: cmos8zj4a0007ubrdp7oskb4i, avatarUrl: null} @ http://localhost:3000/_next/static/chunks/node_modules_9f223de4._.js:11267
[  551673ms] [WARNING] A user uses an unsupported color format {name: cendiqkrn@gmail.com, color: var(--presence-6), userId: cmos8c1oy0000ubvlew517zno, avatarUrl: null} @ http://localhost:3000/_next/static/chunks/node_modules_9f223de4._.js:11267
[  551674ms] [WARNING] A user uses an unsupported color format {name: cendeki4pp@gmail.com, color: var(--presence-5), userId: cmos8zj4a0007ubrdp7oskb4i, avatarUrl: null} @ http://localhost:3000/_next/static/chunks/node_modules_9f223de4._.js:11267
[  551967ms] [WARNING] A user uses an unsupported color format {name: cendiqkrn@gmail.com, color: var(--presence-6), userId: cmos8c1oy0000ubvlew517zno, avatarUrl: null} @ http://localhost:3000/_next/static/chunks/node_modules_9f223de4._.js:11267
[  551968ms] [WARNING] A user uses an unsupported color format {name: cendeki4pp@gmail.com, color: var(--presence-5), userId: cmos8zj4a0007ubrdp7oskb4i, avatarUrl: null} @ http://localhost:3000/_next/static/chunks/node_modules_9f223de4._.js:11267
[  552135ms] [WARNING] A user uses an unsupported color format {name: cendiqkrn@gmail.com, color: var(--presence-6), userId: cmos8c1oy0000ubvlew517zno, avatarUrl: null} @ http://localhost:3000/_next/static/chunks/node_modules_9f223de4._.js:11267
[  552136ms] [WARNING] A user uses an unsupported color format {name: cendeki4pp@gmail.com, color: var(--presence-5), userId: cmos8zj4a0007ubrdp7oskb4i, avatarUrl: null} @ http://localhost:3000/_next/static/chunks/node_modules_9f223de4._.js:11267
[  552215ms] [WARNING] A user uses an unsupported color format {name: cendiqkrn@gmail.com, color: var(--presence-6), userId: cmos8c1oy0000ubvlew517zno, avatarUrl: null} @ http://localhost:3000/_next/static/chunks/node_modules_9f223de4._.js:11267
[  552215ms] [WARNING] A user uses an unsupported color format {name: cendeki4pp@gmail.com, color: var(--presence-5), userId: cmos8zj4a0007ubrdp7oskb4i, avatarUrl: null} @ http://localhost:3000/_next/static/chunks/node_modules_9f223de4._.js:11267
[  552350ms] [WARNING] A user uses an unsupported color format {name: cendiqkrn@gmail.com, color: var(--presence-6), userId: cmos8c1oy0000ubvlew517zno, avatarUrl: null} @ http://localhost:3000/_next/static/chunks/node_modules_9f223de4._.js:11267
[  552350ms] [WARNING] A user uses an unsupported color format {name: cendeki4pp@gmail.com, color: var(--presence-5), userId: cmos8zj4a0007ubrdp7oskb4i, avatarUrl: null} @ http://localhost:3000/_next/static/chunks/node_modules_9f223de4._.js:11267
[  552615ms] [WARNING] A user uses an unsupported color format {name: cendiqkrn@gmail.com, color: var(--presence-6), userId: cmos8c1oy0000ubvlew517zno, avatarUrl: null} @ http://localhost:3000/_next/static/chunks/node_modules_9f223de4._.js:11267
[  552615ms] [WARNING] A user uses an unsupported color format {name: cendeki4pp@gmail.com, color: var(--presence-5), userId: cmos8zj4a0007ubrdp7oskb4i, avatarUrl: null} @ http://localhost:3000/_next/static/chunks/node_modules_9f223de4._.js:11267
[  552960ms] [WARNING] A user uses an unsupported color format {name: cendiqkrn@gmail.com, color: var(--presence-6), userId: cmos8c1oy0000ubvlew517zno, avatarUrl: null} @ http://localhost:3000/_next/static/chunks/node_modules_9f223de4._.js:11267
[  552960ms] [WARNING] A user uses an unsupported color format {name: cendeki4pp@gmail.com, color: var(--presence-5), userId: cmos8zj4a0007ubrdp7oskb4i, avatarUrl: null} @ http://localhost:3000/_next/static/chunks/node_modules_9f223de4._.js:11267
[  553174ms] [WARNING] A user uses an unsupported color format {name: cendiqkrn@gmail.com, color: var(--presence-6), userId: cmos8c1oy0000ubvlew517zno, avatarUrl: null} @ http://localhost:3000/_next/static/chunks/node_modules_9f223de4._.js:11267
[  553174ms] [WARNING] A user uses an unsupported color format {name: cendeki4pp@gmail.com, color: var(--presence-5), userId: cmos8zj4a0007ubrdp7oskb4i, avatarUrl: null} @ http://localhost:3000/_next/static/chunks/node_modules_9f223de4._.js:11267
[  553481ms] [WARNING] A user uses an unsupported color format {name: cendiqkrn@gmail.com, color: var(--presence-6), userId: cmos8c1oy0000ubvlew517zno, avatarUrl: null} @ http://localhost:3000/_next/static/chunks/node_modules_9f223de4._.js:11267
[  553481ms] [WARNING] A user uses an unsupported color format {name: cendeki4pp@gmail.com, color: var(--presence-5), userId: cmos8zj4a0007ubrdp7oskb4i, avatarUrl: null} @ http://localhost:3000/_next/static/chunks/node_modules_9f223de4._.js:11267
[  553573ms] [WARNING] A user uses an unsupported color format {name: cendiqkrn@gmail.com, color: var(--presence-6), userId: cmos8c1oy0000ubvlew517zno, avatarUrl: null} @ http://localhost:3000/_next/static/chunks/node_modules_9f223de4._.js:11267
[  553574ms] [WARNING] A user uses an unsupported color format {name: cendeki4pp@gmail.com, color: var(--presence-5), userId: cmos8zj4a0007ubrdp7oskb4i, avatarUrl: null} @ http://localhost:3000/_next/static/chunks/node_modules_9f223de4._.js:11267
[  553780ms] [WARNING] A user uses an unsupported color format {name: cendiqkrn@gmail.com, color: var(--presence-6), userId: cmos8c1oy0000ubvlew517zno, avatarUrl: null} @ http://localhost:3000/_next/static/chunks/node_modules_9f223de4._.js:11267
[  553780ms] [WARNING] A user uses an unsupported color format {name: cendeki4pp@gmail.com, color: var(--presence-5), userId: cmos8zj4a0007ubrdp7oskb4i, avatarUrl: null} @ http://localhost:3000/_next/static/chunks/node_modules_9f223de4._.js:11267
[  554341ms] [WARNING] A user uses an unsupported color format {name: cendiqkrn@gmail.com, color: var(--presence-6), userId: cmos8c1oy0000ubvlew517zno, avatarUrl: null} @ http://localhost:3000/_next/static/chunks/node_modules_9f223de4._.js:11267
[  554342ms] [WARNING] A user uses an unsupported color format {name: cendeki4pp@gmail.com, color: var(--presence-5), userId: cmos8zj4a0007ubrdp7oskb4i, avatarUrl: null} @ http://localhost:3000/_next/static/chunks/node_modules_9f223de4._.js:11267
[  554612ms] [WARNING] A user uses an unsupported color format {name: cendiqkrn@gmail.com, color: var(--presence-6), userId: cmos8c1oy0000ubvlew517zno, avatarUrl: null} @ http://localhost:3000/_next/static/chunks/node_modules_9f223de4._.js:11267
[  554613ms] [WARNING] A user uses an unsupported color format {name: cendeki4pp@gmail.com, color: var(--presence-5), userId: cmos8zj4a0007ubrdp7oskb4i, avatarUrl: null} @ http://localhost:3000/_next/static/chunks/node_modules_9f223de4._.js:11267
[  554826ms] [WARNING] A user uses an unsupported color format {name: cendiqkrn@gmail.com, color: var(--presence-6), userId: cmos8c1oy0000ubvlew517zno, avatarUrl: null} @ http://localhost:3000/_next/static/chunks/node_modules_9f223de4._.js:11267
[  554826ms] [WARNING] A user uses an unsupported color format {name: cendeki4pp@gmail.com, color: var(--presence-5), userId: cmos8zj4a0007ubrdp7oskb4i, avatarUrl: null} @ http://localhost:3000/_next/static/chunks/node_modules_9f223de4._.js:11267
[  555389ms] [WARNING] A user uses an unsupported color format {name: cendiqkrn@gmail.com, color: var(--presence-6), userId: cmos8c1oy0000ubvlew517zno, avatarUrl: null} @ http://localhost:3000/_next/static/chunks/node_modules_9f223de4._.js:11267
[  555389ms] [WARNING] A user uses an unsupported color format {name: cendeki4pp@gmail.com, color: var(--presence-5), userId: cmos8zj4a0007ubrdp7oskb4i, avatarUrl: null} @ http://localhost:3000/_next/static/chunks/node_modules_9f223de4._.js:11267
[  555776ms] [WARNING] A user uses an unsupported color format {name: cendiqkrn@gmail.com, color: var(--presence-6), userId: cmos8c1oy0000ubvlew517zno, avatarUrl: null} @ http://localhost:3000/_next/static/chunks/node_modules_9f223de4._.js:11267
[  555777ms] [WARNING] A user uses an unsupported color format {name: cendeki4pp@gmail.com, color: var(--presence-5), userId: cmos8zj4a0007ubrdp7oskb4i, avatarUrl: null} @ http://localhost:3000/_next/static/chunks/node_modules_9f223de4._.js:11267
[  556249ms] [WARNING] A user uses an unsupported color format {name: cendiqkrn@gmail.com, color: var(--presence-6), userId: cmos8c1oy0000ubvlew517zno, avatarUrl: null} @ http://localhost:3000/_next/static/chunks/node_modules_9f223de4._.js:11267
[  556250ms] [WARNING] A user uses an unsupported color format {name: cendeki4pp@gmail.com, color: var(--presence-5), userId: cmos8zj4a0007ubrdp7oskb4i, avatarUrl: null} @ http://localhost:3000/_next/static/chunks/node_modules_9f223de4._.js:11267
[  556437ms] [WARNING] A user uses an unsupported color format {name: cendiqkrn@gmail.com, color: var(--presence-6), userId: cmos8c1oy0000ubvlew517zno, avatarUrl: null} @ http://localhost:3000/_next/static/chunks/node_modules_9f223de4._.js:11267
[  556438ms] [WARNING] A user uses an unsupported color format {name: cendeki4pp@gmail.com, color: var(--presence-5), userId: cmos8zj4a0007ubrdp7oskb4i, avatarUrl: null} @ http://localhost:3000/_next/static/chunks/node_modules_9f223de4._.js:11267
[  556631ms] [WARNING] A user uses an unsupported color format {name: cendiqkrn@gmail.com, color: var(--presence-6), userId: cmos8c1oy0000ubvlew517zno, avatarUrl: null} @ http://localhost:3000/_next/static/chunks/node_modules_9f223de4._.js:11267
[  556631ms] [WARNING] A user uses an unsupported color format {name: cendeki4pp@gmail.com, color: var(--presence-5), userId: cmos8zj4a0007ubrdp7oskb4i, avatarUrl: null} @ http://localhost:3000/_next/static/chunks/node_modules_9f223de4._.js:11267
[  609909ms] [WARNING] A user uses an unsupported color format {name: cendeki4pp@gmail.com, color: var(--presence-5), userId: cmos8zj4a0007ubrdp7oskb4i, avatarUrl: null} @ http://localhost:3000/_next/static/chunks/node_modules_9f223de4._.js:11267
[  620673ms] [WARNING] A user uses an unsupported color format {name: cendiqkrn@gmail.com, color: var(--presence-6), userId: cmos8c1oy0000ubvlew517zno, avatarUrl: null} @ http://localhost:3000/_next/static/chunks/node_modules_9f223de4._.js:11267
[  620673ms] [WARNING] A user uses an unsupported color format {name: cendeki4pp@gmail.com, color: var(--presence-5), userId: cmos8zj4a0007ubrdp7oskb4i, avatarUrl: null} @ http://localhost:3000/_next/static/chunks/node_modules_9f223de4._.js:11267
[  620691ms] [WARNING] A user uses an unsupported color format {name: cendiqkrn@gmail.com, color: var(--presence-6), userId: cmos8c1oy0000ubvlew517zno, avatarUrl: null} @ http://localhost:3000/_next/static/chunks/node_modules_9f223de4._.js:11267
[  620692ms] [WARNING] A user uses an unsupported color format {name: cendeki4pp@gmail.com, color: var(--presence-5), userId: cmos8zj4a0007ubrdp7oskb4i, avatarUrl: null} @ http://localhost:3000/_next/static/chunks/node_modules_9f223de4._.js:11267
[  622990ms] [WARNING] A user uses an unsupported color format {name: cendiqkrn@gmail.com, color: var(--presence-6), userId: cmos8c1oy0000ubvlew517zno, avatarUrl: null} @ http://localhost:3000/_next/static/chunks/node_modules_9f223de4._.js:11267
[  622990ms] [WARNING] A user uses an unsupported color format {name: cendeki4pp@gmail.com, color: var(--presence-5), userId: cmos8zj4a0007ubrdp7oskb4i, avatarUrl: null} @ http://localhost:3000/_next/static/chunks/node_modules_9f223de4._.js:11267
[  623128ms] [WARNING] A user uses an unsupported color format {name: cendiqkrn@gmail.com, color: var(--presence-6), userId: cmos8c1oy0000ubvlew517zno, avatarUrl: null} @ http://localhost:3000/_next/static/chunks/node_modules_9f223de4._.js:11267
[  623128ms] [WARNING] A user uses an unsupported color format {name: cendeki4pp@gmail.com, color: var(--presence-5), userId: cmos8zj4a0007ubrdp7oskb4i, avatarUrl: null} @ http://localhost:3000/_next/static/chunks/node_modules_9f223de4._.js:11267
[  623782ms] [WARNING] A user uses an unsupported color format {name: cendiqkrn@gmail.com, color: var(--presence-6), userId: cmos8c1oy0000ubvlew517zno, avatarUrl: null} @ http://localhost:3000/_next/static/chunks/node_modules_9f223de4._.js:11267
[  623782ms] [WARNING] A user uses an unsupported color format {name: cendeki4pp@gmail.com, color: var(--presence-5), userId: cmos8zj4a0007ubrdp7oskb4i, avatarUrl: null} @ http://localhost:3000/_next/static/chunks/node_modules_9f223de4._.js:11267
[  623802ms] [WARNING] A user uses an unsupported color format {name: cendiqkrn@gmail.com, color: var(--presence-6), userId: cmos8c1oy0000ubvlew517zno, avatarUrl: null} @ http://localhost:3000/_next/static/chunks/node_modules_9f223de4._.js:11267
[  623802ms] [WARNING] A user uses an unsupported color format {name: cendeki4pp@gmail.com, color: var(--presence-5), userId: cmos8zj4a0007ubrdp7oskb4i, avatarUrl: null} @ http://localhost:3000/_next/static/chunks/node_modules_9f223de4._.js:11267
[  625138ms] [WARNING] A user uses an unsupported color format {name: cendiqkrn@gmail.com, color: var(--presence-6), userId: cmos8c1oy0000ubvlew517zno, avatarUrl: null} @ http://localhost:3000/_next/static/chunks/node_modules_9f223de4._.js:11267
[  625138ms] [WARNING] A user uses an unsupported color format {name: cendeki4pp@gmail.com, color: var(--presence-5), userId: cmos8zj4a0007ubrdp7oskb4i, avatarUrl: null} @ http://localhost:3000/_next/static/chunks/node_modules_9f223de4._.js:11267
[  625526ms] [WARNING] A user uses an unsupported color format {name: cendiqkrn@gmail.com, color: var(--presence-6), userId: cmos8c1oy0000ubvlew517zno, avatarUrl: null} @ http://localhost:3000/_next/static/chunks/node_modules_9f223de4._.js:11267
[  625526ms] [WARNING] A user uses an unsupported color format {name: cendeki4pp@gmail.com, color: var(--presence-5), userId: cmos8zj4a0007ubrdp7oskb4i, avatarUrl: null} @ http://localhost:3000/_next/static/chunks/node_modules_9f223de4._.js:11267
[  626836ms] [WARNING] A user uses an unsupported color format {name: cendiqkrn@gmail.com, color: var(--presence-6), userId: cmos8c1oy0000ubvlew517zno, avatarUrl: null} @ http://localhost:3000/_next/static/chunks/node_modules_9f223de4._.js:11267
[  626836ms] [WARNING] A user uses an unsupported color format {name: cendeki4pp@gmail.com, color: var(--presence-5), userId: cmos8zj4a0007ubrdp7oskb4i, avatarUrl: null} @ http://localhost:3000/_next/static/chunks/node_modules_9f223de4._.js:11267
[  627393ms] [WARNING] A user uses an unsupported color format {name: cendiqkrn@gmail.com, color: var(--presence-6), userId: cmos8c1oy0000ubvlew517zno, avatarUrl: null} @ http://localhost:3000/_next/static/chunks/node_modules_9f223de4._.js:11267
[  627394ms] [WARNING] A user uses an unsupported color format {name: cendeki4pp@gmail.com, color: var(--presence-5), userId: cmos8zj4a0007ubrdp7oskb4i, avatarUrl: null} @ http://localhost:3000/_next/static/chunks/node_modules_9f223de4._.js:11267
[  627605ms] [WARNING] A user uses an unsupported color format {name: cendiqkrn@gmail.com, color: var(--presence-6), userId: cmos8c1oy0000ubvlew517zno, avatarUrl: null} @ http://localhost:3000/_next/static/chunks/node_modules_9f223de4._.js:11267
[  627605ms] [WARNING] A user uses an unsupported color format {name: cendeki4pp@gmail.com, color: var(--presence-5), userId: cmos8zj4a0007ubrdp7oskb4i, avatarUrl: null} @ http://localhost:3000/_next/static/chunks/node_modules_9f223de4._.js:11267
[  627784ms] [WARNING] A user uses an unsupported color format {name: cendiqkrn@gmail.com, color: var(--presence-6), userId: cmos8c1oy0000ubvlew517zno, avatarUrl: null} @ http://localhost:3000/_next/static/chunks/node_modules_9f223de4._.js:11267
[  627785ms] [WARNING] A user uses an unsupported color format {name: cendeki4pp@gmail.com, color: var(--presence-5), userId: cmos8zj4a0007ubrdp7oskb4i, avatarUrl: null} @ http://localhost:3000/_next/static/chunks/node_modules_9f223de4._.js:11267
[  627961ms] [WARNING] A user uses an unsupported color format {name: cendiqkrn@gmail.com, color: var(--presence-6), userId: cmos8c1oy0000ubvlew517zno, avatarUrl: null} @ http://localhost:3000/_next/static/chunks/node_modules_9f223de4._.js:11267
[  627962ms] [WARNING] A user uses an unsupported color format {name: cendeki4pp@gmail.com, color: var(--presence-5), userId: cmos8zj4a0007ubrdp7oskb4i, avatarUrl: null} @ http://localhost:3000/_next/static/chunks/node_modules_9f223de4._.js:11267
[  628133ms] [WARNING] A user uses an unsupported color format {name: cendiqkrn@gmail.com, color: var(--presence-6), userId: cmos8c1oy0000ubvlew517zno, avatarUrl: null} @ http://localhost:3000/_next/static/chunks/node_modules_9f223de4._.js:11267
[  628133ms] [WARNING] A user uses an unsupported color format {name: cendeki4pp@gmail.com, color: var(--presence-5), userId: cmos8zj4a0007ubrdp7oskb4i, avatarUrl: null} @ http://localhost:3000/_next/static/chunks/node_modules_9f223de4._.js:11267
[  637186ms] [WARNING] A user uses an unsupported color format {name: cendiqkrn@gmail.com, color: var(--presence-6), userId: cmos8c1oy0000ubvlew517zno, avatarUrl: null} @ http://localhost:3000/_next/static/chunks/node_modules_9f223de4._.js:11267
[  648403ms] [WARNING] A user uses an unsupported color format {name: cendiqkrn@gmail.com, color: var(--presence-6), userId: cmos8c1oy0000ubvlew517zno, avatarUrl: null} @ http://localhost:3000/_next/static/chunks/node_modules_9f223de4._.js:11267
[  648407ms] [WARNING] A user uses an unsupported color format {name: cendiqkrn@gmail.com, color: var(--presence-6), userId: cmos8c1oy0000ubvlew517zno, avatarUrl: null} @ http://localhost:3000/_next/static/chunks/node_modules_9f223de4._.js:11267
[  651493ms] [ERROR] WebSocket connection to 'ws://localhost:1234/' failed: Error in connection establishment: net::ERR_CONNECTION_REFUSED @ http://localhost:3000/_next/static/chunks/node_modules_%40hocuspocus_bbb5bd47._.js:1991
[  651504ms] [ERROR] WebSocket connection to 'ws://localhost:1234/' failed: Error in connection establishment: net::ERR_CONNECTION_REFUSED @ http://localhost:3000/_next/static/chunks/node_modules_%40hocuspocus_bbb5bd47._.js:1991
[  652496ms] [ERROR] WebSocket connection to 'ws://localhost:1234/' failed: Error in connection establishment: net::ERR_CONNECTION_REFUSED @ http://localhost:3000/_next/static/chunks/node_modules_%40hocuspocus_bbb5bd47._.js:1991
[  652517ms] [ERROR] WebSocket connection to 'ws://localhost:1234/' failed: Error in connection establishment: net::ERR_CONNECTION_REFUSED @ http://localhost:3000/_next/static/chunks/node_modules_%40hocuspocus_bbb5bd47._.js:1991
[  653686ms] [ERROR] WebSocket connection to 'ws://localhost:1234/' failed: Error in connection establishment: net::ERR_CONNECTION_REFUSED @ http://localhost:3000/_next/static/chunks/node_modules_%40hocuspocus_bbb5bd47._.js:1991
[  654139ms] [ERROR] WebSocket connection to 'ws://localhost:1234/' failed: Error in connection establishment: net::ERR_CONNECTION_REFUSED @ http://localhost:3000/_next/static/chunks/node_modules_%40hocuspocus_bbb5bd47._.js:1991
[  655511ms] [ERROR] WebSocket connection to 'ws://localhost:1234/' failed: Error in connection establishment: net::ERR_CONNECTION_REFUSED @ http://localhost:3000/_next/static/chunks/node_modules_%40hocuspocus_bbb5bd47._.js:1991
[  657653ms] [ERROR] WebSocket connection to 'ws://localhost:1234/' failed: Error in connection establishment: net::ERR_CONNECTION_REFUSED @ http://localhost:3000/_next/static/chunks/node_modules_%40hocuspocus_bbb5bd47._.js:1991
[  658384ms] [ERROR] WebSocket connection to 'ws://localhost:1234/' failed: Error in connection establishment: net::ERR_CONNECTION_REFUSED @ http://localhost:3000/_next/static/chunks/node_modules_%40hocuspocus_bbb5bd47._.js:1991
[  661325ms] [ERROR] WebSocket connection to 'ws://localhost:1234/' failed: Error in connection establishment: net::ERR_CONNECTION_REFUSED @ http://localhost:3000/_next/static/chunks/node_modules_%40hocuspocus_bbb5bd47._.js:1991
[  662086ms] [ERROR] WebSocket connection to 'ws://localhost:1234/' failed: Error in connection establishment: net::ERR_CONNECTION_REFUSED @ http://localhost:3000/_next/static/chunks/node_modules_%40hocuspocus_bbb5bd47._.js:1991
[  662757ms] [ERROR] WebSocket connection to 'ws://localhost:1234/' failed: Error in connection establishment: net::ERR_CONNECTION_REFUSED @ http://localhost:3000/_next/static/chunks/node_modules_%40hocuspocus_bbb5bd47._.js:1991
[  669233ms] [ERROR] WebSocket connection to 'ws://localhost:1234/' failed: Error in connection establishment: net::ERR_CONNECTION_REFUSED @ http://localhost:3000/_next/static/chunks/node_modules_%40hocuspocus_bbb5bd47._.js:1991
[  687614ms] [ERROR] WebSocket connection to 'ws://localhost:1234/' failed: Error in connection establishment: net::ERR_CONNECTION_REFUSED @ http://localhost:3000/_next/static/chunks/node_modules_%40hocuspocus_bbb5bd47._.js:1991
[  691735ms] [ERROR] WebSocket connection to 'ws://localhost:1234/' failed: Error in connection establishment: net::ERR_CONNECTION_REFUSED @ http://localhost:3000/_next/static/chunks/node_modules_%40hocuspocus_bbb5bd47._.js:1991
[  702502ms] [ERROR] WebSocket connection to 'ws://localhost:1234/' failed: Error in connection establishment: net::ERR_CONNECTION_REFUSED @ http://localhost:3000/_next/static/chunks/node_modules_%40hocuspocus_bbb5bd47._.js:1991
[  703330ms] [ERROR] WebSocket connection to 'ws://localhost:1234/' failed: Error in connection establishment: net::ERR_CONNECTION_REFUSED @ http://localhost:3000/_next/static/chunks/node_modules_%40hocuspocus_bbb5bd47._.js:1991
[  723764ms] [WARNING] A user uses an unsupported color format {name: cendiqkrn@gmail.com, color: var(--presence-6), userId: cmos8c1oy0000ubvlew517zno, avatarUrl: null} @ http://localhost:3000/_next/static/chunks/node_modules_9f223de4._.js:11267
[  723764ms] [WARNING] A user uses an unsupported color format {name: cendeki4pp@gmail.com, color: var(--presence-5), userId: cmos8zj4a0007ubrdp7oskb4i, avatarUrl: null} @ http://localhost:3000/_next/static/chunks/node_modules_9f223de4._.js:11267
[  724067ms] [WARNING] A user uses an unsupported color format {name: cendiqkrn@gmail.com, color: var(--presence-6), userId: cmos8c1oy0000ubvlew517zno, avatarUrl: null} @ http://localhost:3000/_next/static/chunks/node_modules_9f223de4._.js:11267
[  724068ms] [WARNING] A user uses an unsupported color format {name: cendeki4pp@gmail.com, color: var(--presence-5), userId: cmos8zj4a0007ubrdp7oskb4i, avatarUrl: null} @ http://localhost:3000/_next/static/chunks/node_modules_9f223de4._.js:11267
[  724668ms] [WARNING] A user uses an unsupported color format {name: cendiqkrn@gmail.com, color: var(--presence-6), userId: cmos8c1oy0000ubvlew517zno, avatarUrl: null} @ http://localhost:3000/_next/static/chunks/node_modules_9f223de4._.js:11267
[  724668ms] [WARNING] A user uses an unsupported color format {name: cendeki4pp@gmail.com, color: var(--presence-5), userId: cmos8zj4a0007ubrdp7oskb4i, avatarUrl: null} @ http://localhost:3000/_next/static/chunks/node_modules_9f223de4._.js:11267
[  730309ms] [WARNING] A user uses an unsupported color format {name: cendiqkrn@gmail.com, color: var(--presence-6), userId: cmos8c1oy0000ubvlew517zno, avatarUrl: null} @ http://localhost:3000/_next/static/chunks/node_modules_9f223de4._.js:11267
[  738985ms] [WARNING] A user uses an unsupported color format {name: cendiqkrn@gmail.com, color: var(--presence-6), userId: cmos8c1oy0000ubvlew517zno, avatarUrl: null} @ http://localhost:3000/_next/static/chunks/node_modules_9f223de4._.js:11267
[  739035ms] [WARNING] A user uses an unsupported color format {name: cendiqkrn@gmail.com, color: var(--presence-6), userId: cmos8c1oy0000ubvlew517zno, avatarUrl: null} @ http://localhost:3000/_next/static/chunks/node_modules_9f223de4._.js:11267
[ 2775428ms] [ERROR] WebSocket connection to 'ws://localhost:1234/' failed: Error in connection establishment: net::ERR_CONNECTION_REFUSED @ http://localhost:3000/_next/static/chunks/node_modules_%40hocuspocus_bbb5bd47._.js:1991
[ 2775462ms] [ERROR] WebSocket connection to 'ws://localhost:1234/' failed: Error in connection establishment: net::ERR_CONNECTION_REFUSED @ http://localhost:3000/_next/static/chunks/node_modules_%40hocuspocus_bbb5bd47._.js:1991
[ 2776433ms] [ERROR] WebSocket connection to 'ws://localhost:1234/' failed: Error in connection establishment: net::ERR_CONNECTION_REFUSED @ http://localhost:3000/_next/static/chunks/node_modules_%40hocuspocus_bbb5bd47._.js:1991
[ 2776465ms] [ERROR] WebSocket connection to 'ws://localhost:1234/' failed: Error in connection establishment: net::ERR_CONNECTION_REFUSED @ http://localhost:3000/_next/static/chunks/node_modules_%40hocuspocus_bbb5bd47._.js:1991
[ 2778035ms] [ERROR] WebSocket connection to 'ws://localhost:1234/' failed: Error in connection establishment: net::ERR_CONNECTION_REFUSED @ http://localhost:3000/_next/static/chunks/node_modules_%40hocuspocus_bbb5bd47._.js:1991
[ 2778342ms] [ERROR] WebSocket connection to 'ws://localhost:1234/' failed: Error in connection establishment: net::ERR_CONNECTION_REFUSED @ http://localhost:3000/_next/static/chunks/node_modules_%40hocuspocus_bbb5bd47._.js:1991
[ 2781910ms] [ERROR] WebSocket connection to 'ws://localhost:1234/' failed: Error in connection establishment: net::ERR_CONNECTION_REFUSED @ http://localhost:3000/_next/static/chunks/node_modules_%40hocuspocus_bbb5bd47._.js:1991
[ 2781937ms] [ERROR] WebSocket connection to 'ws://localhost:1234/' failed: Error in connection establishment: net::ERR_CONNECTION_REFUSED @ http://localhost:3000/_next/static/chunks/node_modules_%40hocuspocus_bbb5bd47._.js:1991
[ 2784407ms] [ERROR] WebSocket connection to 'ws://localhost:1234/' failed: Error in connection establishment: net::ERR_CONNECTION_REFUSED @ http://localhost:3000/_next/static/chunks/node_modules_%40hocuspocus_bbb5bd47._.js:1991
[ 2787457ms] [ERROR] WebSocket connection to 'ws://localhost:1234/' failed: Error in connection establishment: net::ERR_CONNECTION_REFUSED @ http://localhost:3000/_next/static/chunks/node_modules_%40hocuspocus_bbb5bd47._.js:1991
[ 2791052ms] [ERROR] WebSocket connection to 'ws://localhost:1234/' failed: Error in connection establishment: net::ERR_CONNECTION_REFUSED @ http://localhost:3000/_next/static/chunks/node_modules_%40hocuspocus_bbb5bd47._.js:1991
