[    2002ms] [INFO] %cDownload the React DevTools for a better development experience: https://react.dev/link/react-devtools font-weight:bold @ http://localhost:3000/_next/static/chunks/node_modules_next_dist_compiled_react-dom_1e674e59._.js:14537
[    5273ms] [LOG] [Fast Refresh] rebuilding @ http://localhost:3000/_next/static/chunks/node_modules_next_dist_client_cf1d9188._.js:5949
[    5421ms] [LOG] [Fast Refresh] done in 252ms @ http://localhost:3000/_next/static/chunks/node_modules_next_dist_client_cf1d9188._.js:5809
[   11379ms] [WARNING] The resource http://localhost:3000/_next/static/chunks/%5Broot-of-the-server%5D__95642460._.css was preloaded using link preload but not used within a few seconds from the window's load event. Please make sure it has an appropriate `as` value and it is preloaded intentionally. @ http://localhost:3000/dataxet-sonar/p/cmosdwpvf0001ubaerxyl0nch:0
[   24641ms] [LOG] [Fast Refresh] rebuilding @ http://localhost:3000/_next/static/chunks/node_modules_next_dist_client_cf1d9188._.js:5949
[   25635ms] [LOG] [Fast Refresh] done in 1096ms @ http://localhost:3000/_next/static/chunks/node_modules_next_dist_client_cf1d9188._.js:5809
[   25739ms] [LOG] [Fast Refresh] rebuilding @ http://localhost:3000/_next/static/chunks/node_modules_next_dist_client_cf1d9188._.js:5949
[   25923ms] [LOG] [Fast Refresh] done in 285ms @ http://localhost:3000/_next/static/chunks/node_modules_next_dist_client_cf1d9188._.js:5809
[   30102ms] [WARNING] The resource http://localhost:3000/_next/static/chunks/%5Broot-of-the-server%5D__95642460._.css was preloaded using link preload but not used within a few seconds from the window's load event. Please make sure it has an appropriate `as` value and it is preloaded intentionally. @ http://localhost:3000/dataxet-sonar/p/cmosdwpvf0001ubaerxyl0nch:0
[   47420ms] [WARNING] The resource http://localhost:3000/_next/static/chunks/%5Broot-of-the-server%5D__95642460._.css was preloaded using link preload but not used within a few seconds from the window's load event. Please make sure it has an appropriate `as` value and it is preloaded intentionally. @ http://localhost:3000/dataxet-sonar/p/cmosdwpvf0001ubaerxyl0nch:0
[  105833ms] [LOG] [Fast Refresh] rebuilding @ http://localhost:3000/_next/static/chunks/node_modules_next_dist_client_cf1d9188._.js:5949
[  105977ms] [LOG] [Fast Refresh] done in 247ms @ http://localhost:3000/_next/static/chunks/node_modules_next_dist_client_cf1d9188._.js:5809
[  117075ms] [LOG] [Fast Refresh] rebuilding @ http://localhost:3000/_next/static/chunks/node_modules_next_dist_client_cf1d9188._.js:5949
[  117289ms] [LOG] [Fast Refresh] done in 315ms @ http://localhost:3000/_next/static/chunks/node_modules_next_dist_client_cf1d9188._.js:5809
[  117613ms] [ERROR] WebSocket connection to 'ws://localhost:1234/' failed: Error in connection establishment: net::ERR_CONNECTION_REFUSED @ http://localhost:3000/_next/static/chunks/node_modules_%40hocuspocus_bbb5bd47._.js:1991
[  117614ms] [ERROR] WebSocket connection to 'ws://localhost:1234/' failed: Error in connection establishment: net::ERR_CONNECTION_REFUSED @ http://localhost:3000/_next/static/chunks/node_modules_%40hocuspocus_bbb5bd47._.js:1991
[  118618ms] [ERROR] WebSocket connection to 'ws://localhost:1234/' failed: Error in connection establishment: net::ERR_CONNECTION_REFUSED @ http://localhost:3000/_next/static/chunks/node_modules_%40hocuspocus_bbb5bd47._.js:1991
[  118630ms] [ERROR] WebSocket connection to 'ws://localhost:1234/' failed: Error in connection establishment: net::ERR_CONNECTION_REFUSED @ http://localhost:3000/_next/static/chunks/node_modules_%40hocuspocus_bbb5bd47._.js:1991
[  119668ms] [ERROR] WebSocket connection to 'ws://localhost:1234/' failed: Error in connection establishment: net::ERR_CONNECTION_REFUSED @ http://localhost:3000/_next/static/chunks/node_modules_%40hocuspocus_bbb5bd47._.js:1991
[  120235ms] [ERROR] WebSocket connection to 'ws://localhost:1234/' failed: Error in connection establishment: net::ERR_CONNECTION_REFUSED @ http://localhost:3000/_next/static/chunks/node_modules_%40hocuspocus_bbb5bd47._.js:1991
[  122402ms] [ERROR] WebSocket connection to 'ws://localhost:1234/' failed: Error in connection establishment: net::ERR_CONNECTION_REFUSED @ http://localhost:3000/_next/static/chunks/node_modules_%40hocuspocus_bbb5bd47._.js:1991
[  124167ms] [ERROR] WebSocket connection to 'ws://localhost:1234/' failed: Error in connection establishment: net::ERR_CONNECTION_REFUSED @ http://localhost:3000/_next/static/chunks/node_modules_%40hocuspocus_bbb5bd47._.js:1991
[  124523ms] [ERROR] WebSocket connection to 'ws://localhost:1234/' failed: Error in connection establishment: net::ERR_CONNECTION_REFUSED @ http://localhost:3000/_next/static/chunks/node_modules_%40hocuspocus_bbb5bd47._.js:1991
[  128862ms] [ERROR] WebSocket connection to 'ws://localhost:1234/' failed: Error in connection establishment: net::ERR_CONNECTION_REFUSED @ http://localhost:3000/_next/static/chunks/node_modules_%40hocuspocus_bbb5bd47._.js:1991
[  131117ms] [ERROR] WebSocket connection to 'ws://localhost:1234/' failed: Error in connection establishment: net::ERR_CONNECTION_REFUSED @ http://localhost:3000/_next/static/chunks/node_modules_%40hocuspocus_bbb5bd47._.js:1991
[  131951ms] [ERROR] WebSocket connection to 'ws://localhost:1234/' failed: Error in connection establishment: net::ERR_CONNECTION_REFUSED @ http://localhost:3000/_next/static/chunks/node_modules_%40hocuspocus_bbb5bd47._.js:1991
[  139814ms] [ERROR] WebSocket connection to 'ws://localhost:1234/' failed: Error in connection establishment: net::ERR_CONNECTION_REFUSED @ http://localhost:3000/_next/static/chunks/node_modules_%40hocuspocus_bbb5bd47._.js:1991
[  158905ms] [ERROR] WebSocket connection to 'ws://localhost:1234/' failed: Error in connection establishment: net::ERR_CONNECTION_REFUSED @ http://localhost:3000/_next/static/chunks/node_modules_%40hocuspocus_bbb5bd47._.js:1991
[  162283ms] [ERROR] WebSocket connection to 'ws://localhost:1234/' failed: Error in connection establishment: net::ERR_CONNECTION_REFUSED @ http://localhost:3000/_next/static/chunks/node_modules_%40hocuspocus_bbb5bd47._.js:1991
