[     918ms] [INFO] %cDownload the React DevTools for a better development experience: https://react.dev/link/react-devtools font-weight:bold @ http://localhost:3000/_next/static/chunks/node_modules_next_dist_compiled_react-dom_1e674e59._.js:14537
[    1327ms] [LOG] [Fast Refresh] rebuilding @ http://localhost:3000/_next/static/chunks/node_modules_next_dist_client_cf1d9188._.js:5949
[    1454ms] [LOG] [Fast Refresh] done in 227ms @ http://localhost:3000/_next/static/chunks/node_modules_next_dist_client_cf1d9188._.js:5809
[    5412ms] [WARNING] The resource http://localhost:3000/_next/static/chunks/%5Broot-of-the-server%5D__95642460._.css was preloaded using link preload but not used within a few seconds from the window's load event. Please make sure it has an appropriate `as` value and it is preloaded intentionally. @ http://localhost:3000/dataxet-sonar/p/cmosdwpvf0001ubaerxyl0nch:0
[   61776ms] [LOG] [Fast Refresh] rebuilding @ http://localhost:3000/_next/static/chunks/node_modules_next_dist_client_cf1d9188._.js:5949
[   61867ms] [LOG] [Fast Refresh] done in 193ms @ http://localhost:3000/_next/static/chunks/node_modules_next_dist_client_cf1d9188._.js:5809
[  212154ms] [LOG] [Fast Refresh] rebuilding @ http://localhost:3000/_next/static/chunks/node_modules_next_dist_client_cf1d9188._.js:5949
[  212387ms] [LOG] [Fast Refresh] done in 334ms @ http://localhost:3000/_next/static/chunks/node_modules_next_dist_client_cf1d9188._.js:5809
[  240136ms] [WARNING] A user uses an unsupported color format {name: cendiqkrn@gmail.com, color: var(--presence-6), userId: cmos8c1oy0000ubvlew517zno, avatarUrl: null} @ http://localhost:3000/_next/static/chunks/node_modules_9f223de4._.js:11267
[  240165ms] [WARNING] A user uses an unsupported color format {name: cendiqkrn@gmail.com, color: var(--presence-6), userId: cmos8c1oy0000ubvlew517zno, avatarUrl: null} @ http://localhost:3000/_next/static/chunks/node_modules_9f223de4._.js:11267
[  242074ms] [LOG] [Fast Refresh] rebuilding @ http://localhost:3000/_next/static/chunks/node_modules_next_dist_client_cf1d9188._.js:5949
[  242805ms] [WARNING] A user uses an unsupported color format {name: cendiqkrn@gmail.com, color: var(--presence-6), userId: cmos8c1oy0000ubvlew517zno, avatarUrl: null} @ http://localhost:3000/_next/static/chunks/node_modules_9f223de4._.js:11267
[  242823ms] [WARNING] A user uses an unsupported color format {name: cendiqkrn@gmail.com, color: var(--presence-6), userId: cmos8c1oy0000ubvlew517zno, avatarUrl: null} @ http://localhost:3000/_next/static/chunks/node_modules_9f223de4._.js:11267
[  242831ms] [WARNING] A user uses an unsupported color format {name: cendiqkrn@gmail.com, color: var(--presence-6), userId: cmos8c1oy0000ubvlew517zno, avatarUrl: null} @ http://localhost:3000/_next/static/chunks/node_modules_9f223de4._.js:11267
[  242838ms] [WARNING] A user uses an unsupported color format {name: cendiqkrn@gmail.com, color: var(--presence-6), userId: cmos8c1oy0000ubvlew517zno, avatarUrl: null} @ http://localhost:3000/_next/static/chunks/node_modules_9f223de4._.js:11267
[  242844ms] [WARNING] A user uses an unsupported color format {name: cendiqkrn@gmail.com, color: var(--presence-6), userId: cmos8c1oy0000ubvlew517zno, avatarUrl: null} @ http://localhost:3000/_next/static/chunks/node_modules_9f223de4._.js:11267
[  242861ms] [WARNING] A user uses an unsupported color format {name: cendiqkrn@gmail.com, color: var(--presence-6), userId: cmos8c1oy0000ubvlew517zno, avatarUrl: null} @ http://localhost:3000/_next/static/chunks/node_modules_9f223de4._.js:11267
[  242865ms] [WARNING] A user uses an unsupported color format {name: cendiqkrn@gmail.com, color: var(--presence-6), userId: cmos8c1oy0000ubvlew517zno, avatarUrl: null} @ http://localhost:3000/_next/static/chunks/node_modules_9f223de4._.js:11267
[  243249ms] [LOG] [Fast Refresh] done in 1276ms @ http://localhost:3000/_next/static/chunks/node_modules_next_dist_client_cf1d9188._.js:5809
[  260313ms] [LOG] [Fast Refresh] rebuilding @ http://localhost:3000/_next/static/chunks/node_modules_next_dist_client_cf1d9188._.js:5949
[  260415ms] [LOG] [Fast Refresh] done in 204ms @ http://localhost:3000/_next/static/chunks/node_modules_next_dist_client_cf1d9188._.js:5809
[  261763ms] [LOG] [Fast Refresh] rebuilding @ http://localhost:3000/_next/static/chunks/node_modules_next_dist_client_cf1d9188._.js:5949
[  261779ms] [LOG] [Fast Refresh] done in 117ms @ http://localhost:3000/_next/static/chunks/node_modules_next_dist_client_cf1d9188._.js:5809
[  274546ms] [LOG] [Fast Refresh] rebuilding @ http://localhost:3000/_next/static/chunks/node_modules_next_dist_client_cf1d9188._.js:5949
[  274613ms] [LOG] [Fast Refresh] done in 169ms @ http://localhost:3000/_next/static/chunks/node_modules_next_dist_client_cf1d9188._.js:5809
[  274879ms] [ERROR] WebSocket connection to 'ws://localhost:1234/' failed: Error in connection establishment: net::ERR_CONNECTION_REFUSED @ http://localhost:3000/_next/static/chunks/node_modules_%40hocuspocus_bbb5bd47._.js:1991
[  274910ms] [ERROR] WebSocket connection to 'ws://localhost:1234/' failed: Error in connection establishment: net::ERR_CONNECTION_REFUSED @ http://localhost:3000/_next/static/chunks/node_modules_%40hocuspocus_bbb5bd47._.js:1991
[  275883ms] [ERROR] WebSocket connection to 'ws://localhost:1234/' failed: Error in connection establishment: net::ERR_CONNECTION_REFUSED @ http://localhost:3000/_next/static/chunks/node_modules_%40hocuspocus_bbb5bd47._.js:1991
[  275917ms] [ERROR] WebSocket connection to 'ws://localhost:1234/' failed: Error in connection establishment: net::ERR_CONNECTION_REFUSED @ http://localhost:3000/_next/static/chunks/node_modules_%40hocuspocus_bbb5bd47._.js:1991
[  279136ms] [ERROR] WebSocket connection to 'ws://localhost:1234/' failed: Error in connection establishment: net::ERR_CONNECTION_REFUSED @ http://localhost:3000/_next/static/chunks/node_modules_%40hocuspocus_bbb5bd47._.js:1991
[  279149ms] [ERROR] WebSocket connection to 'ws://localhost:1234/' failed: Error in connection establishment: net::ERR_CONNECTION_REFUSED @ http://localhost:3000/_next/static/chunks/node_modules_%40hocuspocus_bbb5bd47._.js:1991
[  282027ms] [ERROR] WebSocket connection to 'ws://localhost:1234/' failed: Error in connection establishment: net::ERR_CONNECTION_REFUSED @ http://localhost:3000/_next/static/chunks/node_modules_%40hocuspocus_bbb5bd47._.js:1991
[  282276ms] [ERROR] WebSocket connection to 'ws://localhost:1234/' failed: Error in connection establishment: net::ERR_CONNECTION_REFUSED @ http://localhost:3000/_next/static/chunks/node_modules_%40hocuspocus_bbb5bd47._.js:1991
[  284170ms] [ERROR] WebSocket connection to 'ws://localhost:1234/' failed: Error in connection establishment: net::ERR_CONNECTION_REFUSED @ http://localhost:3000/_next/static/chunks/node_modules_%40hocuspocus_bbb5bd47._.js:1991
[  284443ms] [ERROR] WebSocket connection to 'ws://localhost:1234/' failed: Error in connection establishment: net::ERR_CONNECTION_REFUSED @ http://localhost:3000/_next/static/chunks/node_modules_%40hocuspocus_bbb5bd47._.js:1991
[  296932ms] [ERROR] WebSocket connection to 'ws://localhost:1234/' failed: Error in connection establishment: net::ERR_CONNECTION_REFUSED @ http://localhost:3000/_next/static/chunks/node_modules_%40hocuspocus_bbb5bd47._.js:1991
[  297287ms] [ERROR] WebSocket connection to 'ws://localhost:1234/' failed: Error in connection establishment: net::ERR_CONNECTION_REFUSED @ http://localhost:3000/_next/static/chunks/node_modules_%40hocuspocus_bbb5bd47._.js:1991
[  310645ms] [ERROR] WebSocket connection to 'ws://localhost:1234/' failed: Error in connection establishment: net::ERR_CONNECTION_REFUSED @ http://localhost:3000/_next/static/chunks/node_modules_%40hocuspocus_bbb5bd47._.js:1991
[  318287ms] [ERROR] WebSocket connection to 'ws://localhost:1234/' failed: Error in connection establishment: net::ERR_CONNECTION_REFUSED @ http://localhost:3000/_next/static/chunks/node_modules_%40hocuspocus_bbb5bd47._.js:1991
[  327374ms] [ERROR] WebSocket connection to 'ws://localhost:1234/' failed: Error in connection establishment: net::ERR_CONNECTION_REFUSED @ http://localhost:3000/_next/static/chunks/node_modules_%40hocuspocus_bbb5bd47._.js:1991
[  335158ms] [ERROR] WebSocket connection to 'ws://localhost:1234/' failed: Error in connection establishment: net::ERR_CONNECTION_REFUSED @ http://localhost:3000/_next/static/chunks/node_modules_%40hocuspocus_bbb5bd47._.js:1991
[  336039ms] [ERROR] WebSocket connection to 'ws://localhost:1234/' failed: Error in connection establishment: net::ERR_CONNECTION_REFUSED @ http://localhost:3000/_next/static/chunks/node_modules_%40hocuspocus_bbb5bd47._.js:1991
[  353695ms] [ERROR] WebSocket connection to 'ws://localhost:1234/' failed: Error in connection establishment: net::ERR_CONNECTION_REFUSED @ http://localhost:3000/_next/static/chunks/node_modules_%40hocuspocus_bbb5bd47._.js:1991
[  356450ms] [ERROR] WebSocket connection to 'ws://localhost:1234/' failed: Error in connection establishment: net::ERR_CONNECTION_REFUSED @ http://localhost:3000/_next/static/chunks/node_modules_%40hocuspocus_bbb5bd47._.js:1991
[  361890ms] [ERROR] WebSocket connection to 'ws://localhost:1234/' failed: Error in connection establishment: net::ERR_CONNECTION_REFUSED @ http://localhost:3000/_next/static/chunks/node_modules_%40hocuspocus_bbb5bd47._.js:1991
[  364940ms] [ERROR] WebSocket connection to 'ws://localhost:1234/' failed: Error in connection establishment: net::ERR_CONNECTION_REFUSED @ http://localhost:3000/_next/static/chunks/node_modules_%40hocuspocus_bbb5bd47._.js:1991
[  383647ms] [WARNING] A user uses an unsupported color format {name: cendiqkrn@gmail.com, color: var(--presence-6), userId: cmos8c1oy0000ubvlew517zno, avatarUrl: null} @ http://localhost:3000/_next/static/chunks/node_modules_9f223de4._.js:11267
[  395201ms] [WARNING] A user uses an unsupported color format {name: cendeki4pp@gmail.com, color: var(--presence-5), userId: cmos8zj4a0007ubrdp7oskb4i, avatarUrl: null} @ http://localhost:3000/_next/static/chunks/node_modules_9f223de4._.js:11267
[  395287ms] [WARNING] A user uses an unsupported color format {name: cendeki4pp@gmail.com, color: var(--presence-5), userId: cmos8zj4a0007ubrdp7oskb4i, avatarUrl: null} @ http://localhost:3000/_next/static/chunks/node_modules_9f223de4._.js:11267
[  399496ms] [WARNING] A user uses an unsupported color format {name: cendiqkrn@gmail.com, color: var(--presence-6), userId: cmos8c1oy0000ubvlew517zno, avatarUrl: null} @ http://localhost:3000/_next/static/chunks/node_modules_9f223de4._.js:11267
[  399497ms] [WARNING] A user uses an unsupported color format {name: cendeki4pp@gmail.com, color: var(--presence-5), userId: cmos8zj4a0007ubrdp7oskb4i, avatarUrl: null} @ http://localhost:3000/_next/static/chunks/node_modules_9f223de4._.js:11267
[  399524ms] [WARNING] A user uses an unsupported color format {name: cendiqkrn@gmail.com, color: var(--presence-6), userId: cmos8c1oy0000ubvlew517zno, avatarUrl: null} @ http://localhost:3000/_next/static/chunks/node_modules_9f223de4._.js:11267
[  399524ms] [WARNING] A user uses an unsupported color format {name: cendeki4pp@gmail.com, color: var(--presence-5), userId: cmos8zj4a0007ubrdp7oskb4i, avatarUrl: null} @ http://localhost:3000/_next/static/chunks/node_modules_9f223de4._.js:11267
[  399900ms] [WARNING] A user uses an unsupported color format {name: cendiqkrn@gmail.com, color: var(--presence-6), userId: cmos8c1oy0000ubvlew517zno, avatarUrl: null} @ http://localhost:3000/_next/static/chunks/node_modules_9f223de4._.js:11267
[  399901ms] [WARNING] A user uses an unsupported color format {name: cendeki4pp@gmail.com, color: var(--presence-5), userId: cmos8zj4a0007ubrdp7oskb4i, avatarUrl: null} @ http://localhost:3000/_next/static/chunks/node_modules_9f223de4._.js:11267
[  404119ms] [WARNING] A user uses an unsupported color format {name: cendiqkrn@gmail.com, color: var(--presence-6), userId: cmos8c1oy0000ubvlew517zno, avatarUrl: null} @ http://localhost:3000/_next/static/chunks/node_modules_9f223de4._.js:11267
[  404120ms] [WARNING] A user uses an unsupported color format {name: cendeki4pp@gmail.com, color: var(--presence-5), userId: cmos8zj4a0007ubrdp7oskb4i, avatarUrl: null} @ http://localhost:3000/_next/static/chunks/node_modules_9f223de4._.js:11267
[  414875ms] [WARNING] A user uses an unsupported color format {name: cendiqkrn@gmail.com, color: var(--presence-6), userId: cmos8c1oy0000ubvlew517zno, avatarUrl: null} @ http://localhost:3000/_next/static/chunks/node_modules_9f223de4._.js:11267
[  414879ms] [WARNING] A user uses an unsupported color format {name: cendeki4pp@gmail.com, color: var(--presence-5), userId: cmos8zj4a0007ubrdp7oskb4i, avatarUrl: null} @ http://localhost:3000/_next/static/chunks/node_modules_9f223de4._.js:11267
[  414922ms] [WARNING] A user uses an unsupported color format {name: cendiqkrn@gmail.com, color: var(--presence-6), userId: cmos8c1oy0000ubvlew517zno, avatarUrl: null} @ http://localhost:3000/_next/static/chunks/node_modules_9f223de4._.js:11267
[  414923ms] [WARNING] A user uses an unsupported color format {name: cendeki4pp@gmail.com, color: var(--presence-5), userId: cmos8zj4a0007ubrdp7oskb4i, avatarUrl: null} @ http://localhost:3000/_next/static/chunks/node_modules_9f223de4._.js:11267
[  414966ms] [WARNING] A user uses an unsupported color format {name: cendiqkrn@gmail.com, color: var(--presence-6), userId: cmos8c1oy0000ubvlew517zno, avatarUrl: null} @ http://localhost:3000/_next/static/chunks/node_modules_9f223de4._.js:11267
[  414967ms] [WARNING] A user uses an unsupported color format {name: cendeki4pp@gmail.com, color: var(--presence-5), userId: cmos8zj4a0007ubrdp7oskb4i, avatarUrl: null} @ http://localhost:3000/_next/static/chunks/node_modules_9f223de4._.js:11267
[  415039ms] [WARNING] A user uses an unsupported color format {name: cendiqkrn@gmail.com, color: var(--presence-6), userId: cmos8c1oy0000ubvlew517zno, avatarUrl: null} @ http://localhost:3000/_next/static/chunks/node_modules_9f223de4._.js:11267
[  415040ms] [WARNING] A user uses an unsupported color format {name: cendeki4pp@gmail.com, color: var(--presence-5), userId: cmos8zj4a0007ubrdp7oskb4i, avatarUrl: null} @ http://localhost:3000/_next/static/chunks/node_modules_9f223de4._.js:11267
[  419754ms] [WARNING] A user uses an unsupported color format {name: cendiqkrn@gmail.com, color: var(--presence-6), userId: cmos8c1oy0000ubvlew517zno, avatarUrl: null} @ http://localhost:3000/_next/static/chunks/node_modules_9f223de4._.js:11267
[  419754ms] [WARNING] A user uses an unsupported color format {name: cendeki4pp@gmail.com, color: var(--presence-5), userId: cmos8zj4a0007ubrdp7oskb4i, avatarUrl: null} @ http://localhost:3000/_next/static/chunks/node_modules_9f223de4._.js:11267
[  421504ms] [WARNING] A user uses an unsupported color format {name: cendiqkrn@gmail.com, color: var(--presence-6), userId: cmos8c1oy0000ubvlew517zno, avatarUrl: null} @ http://localhost:3000/_next/static/chunks/node_modules_9f223de4._.js:11267
[  421505ms] [WARNING] A user uses an unsupported color format {name: cendeki4pp@gmail.com, color: var(--presence-5), userId: cmos8zj4a0007ubrdp7oskb4i, avatarUrl: null} @ http://localhost:3000/_next/static/chunks/node_modules_9f223de4._.js:11267
[  422094ms] [WARNING] A user uses an unsupported color format {name: cendiqkrn@gmail.com, color: var(--presence-6), userId: cmos8c1oy0000ubvlew517zno, avatarUrl: null} @ http://localhost:3000/_next/static/chunks/node_modules_9f223de4._.js:11267
[  422095ms] [WARNING] A user uses an unsupported color format {name: cendeki4pp@gmail.com, color: var(--presence-5), userId: cmos8zj4a0007ubrdp7oskb4i, avatarUrl: null} @ http://localhost:3000/_next/static/chunks/node_modules_9f223de4._.js:11267
[  422623ms] [WARNING] A user uses an unsupported color format {name: cendiqkrn@gmail.com, color: var(--presence-6), userId: cmos8c1oy0000ubvlew517zno, avatarUrl: null} @ http://localhost:3000/_next/static/chunks/node_modules_9f223de4._.js:11267
[  422623ms] [WARNING] A user uses an unsupported color format {name: cendeki4pp@gmail.com, color: var(--presence-5), userId: cmos8zj4a0007ubrdp7oskb4i, avatarUrl: null} @ http://localhost:3000/_next/static/chunks/node_modules_9f223de4._.js:11267
[  426765ms] [WARNING] A user uses an unsupported color format {name: cendiqkrn@gmail.com, color: var(--presence-6), userId: cmos8c1oy0000ubvlew517zno, avatarUrl: null} @ http://localhost:3000/_next/static/chunks/node_modules_9f223de4._.js:11267
[  426766ms] [WARNING] A user uses an unsupported color format {name: cendeki4pp@gmail.com, color: var(--presence-5), userId: cmos8zj4a0007ubrdp7oskb4i, avatarUrl: null} @ http://localhost:3000/_next/static/chunks/node_modules_9f223de4._.js:11267
[  426828ms] [WARNING] A user uses an unsupported color format {name: cendiqkrn@gmail.com, color: var(--presence-6), userId: cmos8c1oy0000ubvlew517zno, avatarUrl: null} @ http://localhost:3000/_next/static/chunks/node_modules_9f223de4._.js:11267
[  426828ms] [WARNING] A user uses an unsupported color format {name: cendeki4pp@gmail.com, color: var(--presence-5), userId: cmos8zj4a0007ubrdp7oskb4i, avatarUrl: null} @ http://localhost:3000/_next/static/chunks/node_modules_9f223de4._.js:11267
[  426961ms] [WARNING] A user uses an unsupported color format {name: cendiqkrn@gmail.com, color: var(--presence-6), userId: cmos8c1oy0000ubvlew517zno, avatarUrl: null} @ http://localhost:3000/_next/static/chunks/node_modules_9f223de4._.js:11267
[  426961ms] [WARNING] A user uses an unsupported color format {name: cendeki4pp@gmail.com, color: var(--presence-5), userId: cmos8zj4a0007ubrdp7oskb4i, avatarUrl: null} @ http://localhost:3000/_next/static/chunks/node_modules_9f223de4._.js:11267
[  427099ms] [WARNING] A user uses an unsupported color format {name: cendiqkrn@gmail.com, color: var(--presence-6), userId: cmos8c1oy0000ubvlew517zno, avatarUrl: null} @ http://localhost:3000/_next/static/chunks/node_modules_9f223de4._.js:11267
[  427099ms] [WARNING] A user uses an unsupported color format {name: cendeki4pp@gmail.com, color: var(--presence-5), userId: cmos8zj4a0007ubrdp7oskb4i, avatarUrl: null} @ http://localhost:3000/_next/static/chunks/node_modules_9f223de4._.js:11267
[  427253ms] [WARNING] A user uses an unsupported color format {name: cendiqkrn@gmail.com, color: var(--presence-6), userId: cmos8c1oy0000ubvlew517zno, avatarUrl: null} @ http://localhost:3000/_next/static/chunks/node_modules_9f223de4._.js:11267
[  427253ms] [WARNING] A user uses an unsupported color format {name: cendeki4pp@gmail.com, color: var(--presence-5), userId: cmos8zj4a0007ubrdp7oskb4i, avatarUrl: null} @ http://localhost:3000/_next/static/chunks/node_modules_9f223de4._.js:11267
[  427546ms] [WARNING] A user uses an unsupported color format {name: cendiqkrn@gmail.com, color: var(--presence-6), userId: cmos8c1oy0000ubvlew517zno, avatarUrl: null} @ http://localhost:3000/_next/static/chunks/node_modules_9f223de4._.js:11267
[  427547ms] [WARNING] A user uses an unsupported color format {name: cendeki4pp@gmail.com, color: var(--presence-5), userId: cmos8zj4a0007ubrdp7oskb4i, avatarUrl: null} @ http://localhost:3000/_next/static/chunks/node_modules_9f223de4._.js:11267
[  427714ms] [WARNING] A user uses an unsupported color format {name: cendiqkrn@gmail.com, color: var(--presence-6), userId: cmos8c1oy0000ubvlew517zno, avatarUrl: null} @ http://localhost:3000/_next/static/chunks/node_modules_9f223de4._.js:11267
[  427714ms] [WARNING] A user uses an unsupported color format {name: cendeki4pp@gmail.com, color: var(--presence-5), userId: cmos8zj4a0007ubrdp7oskb4i, avatarUrl: null} @ http://localhost:3000/_next/static/chunks/node_modules_9f223de4._.js:11267
[  427794ms] [WARNING] A user uses an unsupported color format {name: cendiqkrn@gmail.com, color: var(--presence-6), userId: cmos8c1oy0000ubvlew517zno, avatarUrl: null} @ http://localhost:3000/_next/static/chunks/node_modules_9f223de4._.js:11267
[  427794ms] [WARNING] A user uses an unsupported color format {name: cendeki4pp@gmail.com, color: var(--presence-5), userId: cmos8zj4a0007ubrdp7oskb4i, avatarUrl: null} @ http://localhost:3000/_next/static/chunks/node_modules_9f223de4._.js:11267
[  427929ms] [WARNING] A user uses an unsupported color format {name: cendiqkrn@gmail.com, color: var(--presence-6), userId: cmos8c1oy0000ubvlew517zno, avatarUrl: null} @ http://localhost:3000/_next/static/chunks/node_modules_9f223de4._.js:11267
[  427930ms] [WARNING] A user uses an unsupported color format {name: cendeki4pp@gmail.com, color: var(--presence-5), userId: cmos8zj4a0007ubrdp7oskb4i, avatarUrl: null} @ http://localhost:3000/_next/static/chunks/node_modules_9f223de4._.js:11267
[  428194ms] [WARNING] A user uses an unsupported color format {name: cendiqkrn@gmail.com, color: var(--presence-6), userId: cmos8c1oy0000ubvlew517zno, avatarUrl: null} @ http://localhost:3000/_next/static/chunks/node_modules_9f223de4._.js:11267
[  428194ms] [WARNING] A user uses an unsupported color format {name: cendeki4pp@gmail.com, color: var(--presence-5), userId: cmos8zj4a0007ubrdp7oskb4i, avatarUrl: null} @ http://localhost:3000/_next/static/chunks/node_modules_9f223de4._.js:11267
[  428540ms] [WARNING] A user uses an unsupported color format {name: cendiqkrn@gmail.com, color: var(--presence-6), userId: cmos8c1oy0000ubvlew517zno, avatarUrl: null} @ http://localhost:3000/_next/static/chunks/node_modules_9f223de4._.js:11267
[  428540ms] [WARNING] A user uses an unsupported color format {name: cendeki4pp@gmail.com, color: var(--presence-5), userId: cmos8zj4a0007ubrdp7oskb4i, avatarUrl: null} @ http://localhost:3000/_next/static/chunks/node_modules_9f223de4._.js:11267
[  428753ms] [WARNING] A user uses an unsupported color format {name: cendiqkrn@gmail.com, color: var(--presence-6), userId: cmos8c1oy0000ubvlew517zno, avatarUrl: null} @ http://localhost:3000/_next/static/chunks/node_modules_9f223de4._.js:11267
[  428753ms] [WARNING] A user uses an unsupported color format {name: cendeki4pp@gmail.com, color: var(--presence-5), userId: cmos8zj4a0007ubrdp7oskb4i, avatarUrl: null} @ http://localhost:3000/_next/static/chunks/node_modules_9f223de4._.js:11267
[  429060ms] [WARNING] A user uses an unsupported color format {name: cendiqkrn@gmail.com, color: var(--presence-6), userId: cmos8c1oy0000ubvlew517zno, avatarUrl: null} @ http://localhost:3000/_next/static/chunks/node_modules_9f223de4._.js:11267
[  429060ms] [WARNING] A user uses an unsupported color format {name: cendeki4pp@gmail.com, color: var(--presence-5), userId: cmos8zj4a0007ubrdp7oskb4i, avatarUrl: null} @ http://localhost:3000/_next/static/chunks/node_modules_9f223de4._.js:11267
[  429152ms] [WARNING] A user uses an unsupported color format {name: cendiqkrn@gmail.com, color: var(--presence-6), userId: cmos8c1oy0000ubvlew517zno, avatarUrl: null} @ http://localhost:3000/_next/static/chunks/node_modules_9f223de4._.js:11267
[  429153ms] [WARNING] A user uses an unsupported color format {name: cendeki4pp@gmail.com, color: var(--presence-5), userId: cmos8zj4a0007ubrdp7oskb4i, avatarUrl: null} @ http://localhost:3000/_next/static/chunks/node_modules_9f223de4._.js:11267
[  429359ms] [WARNING] A user uses an unsupported color format {name: cendiqkrn@gmail.com, color: var(--presence-6), userId: cmos8c1oy0000ubvlew517zno, avatarUrl: null} @ http://localhost:3000/_next/static/chunks/node_modules_9f223de4._.js:11267
[  429359ms] [WARNING] A user uses an unsupported color format {name: cendeki4pp@gmail.com, color: var(--presence-5), userId: cmos8zj4a0007ubrdp7oskb4i, avatarUrl: null} @ http://localhost:3000/_next/static/chunks/node_modules_9f223de4._.js:11267
[  429920ms] [WARNING] A user uses an unsupported color format {name: cendiqkrn@gmail.com, color: var(--presence-6), userId: cmos8c1oy0000ubvlew517zno, avatarUrl: null} @ http://localhost:3000/_next/static/chunks/node_modules_9f223de4._.js:11267
[  429921ms] [WARNING] A user uses an unsupported color format {name: cendeki4pp@gmail.com, color: var(--presence-5), userId: cmos8zj4a0007ubrdp7oskb4i, avatarUrl: null} @ http://localhost:3000/_next/static/chunks/node_modules_9f223de4._.js:11267
[  430191ms] [WARNING] A user uses an unsupported color format {name: cendiqkrn@gmail.com, color: var(--presence-6), userId: cmos8c1oy0000ubvlew517zno, avatarUrl: null} @ http://localhost:3000/_next/static/chunks/node_modules_9f223de4._.js:11267
[  430192ms] [WARNING] A user uses an unsupported color format {name: cendeki4pp@gmail.com, color: var(--presence-5), userId: cmos8zj4a0007ubrdp7oskb4i, avatarUrl: null} @ http://localhost:3000/_next/static/chunks/node_modules_9f223de4._.js:11267
[  430405ms] [WARNING] A user uses an unsupported color format {name: cendiqkrn@gmail.com, color: var(--presence-6), userId: cmos8c1oy0000ubvlew517zno, avatarUrl: null} @ http://localhost:3000/_next/static/chunks/node_modules_9f223de4._.js:11267
[  430405ms] [WARNING] A user uses an unsupported color format {name: cendeki4pp@gmail.com, color: var(--presence-5), userId: cmos8zj4a0007ubrdp7oskb4i, avatarUrl: null} @ http://localhost:3000/_next/static/chunks/node_modules_9f223de4._.js:11267
[  430968ms] [WARNING] A user uses an unsupported color format {name: cendiqkrn@gmail.com, color: var(--presence-6), userId: cmos8c1oy0000ubvlew517zno, avatarUrl: null} @ http://localhost:3000/_next/static/chunks/node_modules_9f223de4._.js:11267
[  430969ms] [WARNING] A user uses an unsupported color format {name: cendeki4pp@gmail.com, color: var(--presence-5), userId: cmos8zj4a0007ubrdp7oskb4i, avatarUrl: null} @ http://localhost:3000/_next/static/chunks/node_modules_9f223de4._.js:11267
[  431355ms] [WARNING] A user uses an unsupported color format {name: cendiqkrn@gmail.com, color: var(--presence-6), userId: cmos8c1oy0000ubvlew517zno, avatarUrl: null} @ http://localhost:3000/_next/static/chunks/node_modules_9f223de4._.js:11267
[  431356ms] [WARNING] A user uses an unsupported color format {name: cendeki4pp@gmail.com, color: var(--presence-5), userId: cmos8zj4a0007ubrdp7oskb4i, avatarUrl: null} @ http://localhost:3000/_next/static/chunks/node_modules_9f223de4._.js:11267
[  431831ms] [WARNING] A user uses an unsupported color format {name: cendiqkrn@gmail.com, color: var(--presence-6), userId: cmos8c1oy0000ubvlew517zno, avatarUrl: null} @ http://localhost:3000/_next/static/chunks/node_modules_9f223de4._.js:11267
[  431832ms] [WARNING] A user uses an unsupported color format {name: cendeki4pp@gmail.com, color: var(--presence-5), userId: cmos8zj4a0007ubrdp7oskb4i, avatarUrl: null} @ http://localhost:3000/_next/static/chunks/node_modules_9f223de4._.js:11267
[  432017ms] [WARNING] A user uses an unsupported color format {name: cendiqkrn@gmail.com, color: var(--presence-6), userId: cmos8c1oy0000ubvlew517zno, avatarUrl: null} @ http://localhost:3000/_next/static/chunks/node_modules_9f223de4._.js:11267
[  432017ms] [WARNING] A user uses an unsupported color format {name: cendeki4pp@gmail.com, color: var(--presence-5), userId: cmos8zj4a0007ubrdp7oskb4i, avatarUrl: null} @ http://localhost:3000/_next/static/chunks/node_modules_9f223de4._.js:11267
[  432210ms] [WARNING] A user uses an unsupported color format {name: cendiqkrn@gmail.com, color: var(--presence-6), userId: cmos8c1oy0000ubvlew517zno, avatarUrl: null} @ http://localhost:3000/_next/static/chunks/node_modules_9f223de4._.js:11267
[  432210ms] [WARNING] A user uses an unsupported color format {name: cendeki4pp@gmail.com, color: var(--presence-5), userId: cmos8zj4a0007ubrdp7oskb4i, avatarUrl: null} @ http://localhost:3000/_next/static/chunks/node_modules_9f223de4._.js:11267
[  485498ms] [WARNING] A user uses an unsupported color format {name: cendeki4pp@gmail.com, color: var(--presence-5), userId: cmos8zj4a0007ubrdp7oskb4i, avatarUrl: null} @ http://localhost:3000/_next/static/chunks/node_modules_9f223de4._.js:11267
[  496252ms] [WARNING] A user uses an unsupported color format {name: cendiqkrn@gmail.com, color: var(--presence-6), userId: cmos8c1oy0000ubvlew517zno, avatarUrl: null} @ http://localhost:3000/_next/static/chunks/node_modules_9f223de4._.js:11267
[  496252ms] [WARNING] A user uses an unsupported color format {name: cendeki4pp@gmail.com, color: var(--presence-5), userId: cmos8zj4a0007ubrdp7oskb4i, avatarUrl: null} @ http://localhost:3000/_next/static/chunks/node_modules_9f223de4._.js:11267
[  496275ms] [WARNING] A user uses an unsupported color format {name: cendiqkrn@gmail.com, color: var(--presence-6), userId: cmos8c1oy0000ubvlew517zno, avatarUrl: null} @ http://localhost:3000/_next/static/chunks/node_modules_9f223de4._.js:11267
[  496275ms] [WARNING] A user uses an unsupported color format {name: cendeki4pp@gmail.com, color: var(--presence-5), userId: cmos8zj4a0007ubrdp7oskb4i, avatarUrl: null} @ http://localhost:3000/_next/static/chunks/node_modules_9f223de4._.js:11267
[  498569ms] [WARNING] A user uses an unsupported color format {name: cendiqkrn@gmail.com, color: var(--presence-6), userId: cmos8c1oy0000ubvlew517zno, avatarUrl: null} @ http://localhost:3000/_next/static/chunks/node_modules_9f223de4._.js:11267
[  498569ms] [WARNING] A user uses an unsupported color format {name: cendeki4pp@gmail.com, color: var(--presence-5), userId: cmos8zj4a0007ubrdp7oskb4i, avatarUrl: null} @ http://localhost:3000/_next/static/chunks/node_modules_9f223de4._.js:11267
[  498707ms] [WARNING] A user uses an unsupported color format {name: cendiqkrn@gmail.com, color: var(--presence-6), userId: cmos8c1oy0000ubvlew517zno, avatarUrl: null} @ http://localhost:3000/_next/static/chunks/node_modules_9f223de4._.js:11267
[  498707ms] [WARNING] A user uses an unsupported color format {name: cendeki4pp@gmail.com, color: var(--presence-5), userId: cmos8zj4a0007ubrdp7oskb4i, avatarUrl: null} @ http://localhost:3000/_next/static/chunks/node_modules_9f223de4._.js:11267
[  499361ms] [WARNING] A user uses an unsupported color format {name: cendiqkrn@gmail.com, color: var(--presence-6), userId: cmos8c1oy0000ubvlew517zno, avatarUrl: null} @ http://localhost:3000/_next/static/chunks/node_modules_9f223de4._.js:11267
[  499361ms] [WARNING] A user uses an unsupported color format {name: cendeki4pp@gmail.com, color: var(--presence-5), userId: cmos8zj4a0007ubrdp7oskb4i, avatarUrl: null} @ http://localhost:3000/_next/static/chunks/node_modules_9f223de4._.js:11267
[  499385ms] [WARNING] A user uses an unsupported color format {name: cendiqkrn@gmail.com, color: var(--presence-6), userId: cmos8c1oy0000ubvlew517zno, avatarUrl: null} @ http://localhost:3000/_next/static/chunks/node_modules_9f223de4._.js:11267
[  499386ms] [WARNING] A user uses an unsupported color format {name: cendeki4pp@gmail.com, color: var(--presence-5), userId: cmos8zj4a0007ubrdp7oskb4i, avatarUrl: null} @ http://localhost:3000/_next/static/chunks/node_modules_9f223de4._.js:11267
[  500717ms] [WARNING] A user uses an unsupported color format {name: cendiqkrn@gmail.com, color: var(--presence-6), userId: cmos8c1oy0000ubvlew517zno, avatarUrl: null} @ http://localhost:3000/_next/static/chunks/node_modules_9f223de4._.js:11267
[  500717ms] [WARNING] A user uses an unsupported color format {name: cendeki4pp@gmail.com, color: var(--presence-5), userId: cmos8zj4a0007ubrdp7oskb4i, avatarUrl: null} @ http://localhost:3000/_next/static/chunks/node_modules_9f223de4._.js:11267
[  501105ms] [WARNING] A user uses an unsupported color format {name: cendiqkrn@gmail.com, color: var(--presence-6), userId: cmos8c1oy0000ubvlew517zno, avatarUrl: null} @ http://localhost:3000/_next/static/chunks/node_modules_9f223de4._.js:11267
[  501105ms] [WARNING] A user uses an unsupported color format {name: cendeki4pp@gmail.com, color: var(--presence-5), userId: cmos8zj4a0007ubrdp7oskb4i, avatarUrl: null} @ http://localhost:3000/_next/static/chunks/node_modules_9f223de4._.js:11267
[  502415ms] [WARNING] A user uses an unsupported color format {name: cendiqkrn@gmail.com, color: var(--presence-6), userId: cmos8c1oy0000ubvlew517zno, avatarUrl: null} @ http://localhost:3000/_next/static/chunks/node_modules_9f223de4._.js:11267
[  502416ms] [WARNING] A user uses an unsupported color format {name: cendeki4pp@gmail.com, color: var(--presence-5), userId: cmos8zj4a0007ubrdp7oskb4i, avatarUrl: null} @ http://localhost:3000/_next/static/chunks/node_modules_9f223de4._.js:11267
[  502972ms] [WARNING] A user uses an unsupported color format {name: cendiqkrn@gmail.com, color: var(--presence-6), userId: cmos8c1oy0000ubvlew517zno, avatarUrl: null} @ http://localhost:3000/_next/static/chunks/node_modules_9f223de4._.js:11267
[  502973ms] [WARNING] A user uses an unsupported color format {name: cendeki4pp@gmail.com, color: var(--presence-5), userId: cmos8zj4a0007ubrdp7oskb4i, avatarUrl: null} @ http://localhost:3000/_next/static/chunks/node_modules_9f223de4._.js:11267
[  503184ms] [WARNING] A user uses an unsupported color format {name: cendiqkrn@gmail.com, color: var(--presence-6), userId: cmos8c1oy0000ubvlew517zno, avatarUrl: null} @ http://localhost:3000/_next/static/chunks/node_modules_9f223de4._.js:11267
[  503184ms] [WARNING] A user uses an unsupported color format {name: cendeki4pp@gmail.com, color: var(--presence-5), userId: cmos8zj4a0007ubrdp7oskb4i, avatarUrl: null} @ http://localhost:3000/_next/static/chunks/node_modules_9f223de4._.js:11267
[  503363ms] [WARNING] A user uses an unsupported color format {name: cendiqkrn@gmail.com, color: var(--presence-6), userId: cmos8c1oy0000ubvlew517zno, avatarUrl: null} @ http://localhost:3000/_next/static/chunks/node_modules_9f223de4._.js:11267
[  503364ms] [WARNING] A user uses an unsupported color format {name: cendeki4pp@gmail.com, color: var(--presence-5), userId: cmos8zj4a0007ubrdp7oskb4i, avatarUrl: null} @ http://localhost:3000/_next/static/chunks/node_modules_9f223de4._.js:11267
[  503541ms] [WARNING] A user uses an unsupported color format {name: cendiqkrn@gmail.com, color: var(--presence-6), userId: cmos8c1oy0000ubvlew517zno, avatarUrl: null} @ http://localhost:3000/_next/static/chunks/node_modules_9f223de4._.js:11267
[  503541ms] [WARNING] A user uses an unsupported color format {name: cendeki4pp@gmail.com, color: var(--presence-5), userId: cmos8zj4a0007ubrdp7oskb4i, avatarUrl: null} @ http://localhost:3000/_next/static/chunks/node_modules_9f223de4._.js:11267
[  503712ms] [WARNING] A user uses an unsupported color format {name: cendiqkrn@gmail.com, color: var(--presence-6), userId: cmos8c1oy0000ubvlew517zno, avatarUrl: null} @ http://localhost:3000/_next/static/chunks/node_modules_9f223de4._.js:11267
[  503712ms] [WARNING] A user uses an unsupported color format {name: cendeki4pp@gmail.com, color: var(--presence-5), userId: cmos8zj4a0007ubrdp7oskb4i, avatarUrl: null} @ http://localhost:3000/_next/static/chunks/node_modules_9f223de4._.js:11267
[  512765ms] [WARNING] A user uses an unsupported color format {name: cendiqkrn@gmail.com, color: var(--presence-6), userId: cmos8c1oy0000ubvlew517zno, avatarUrl: null} @ http://localhost:3000/_next/static/chunks/node_modules_9f223de4._.js:11267
[  523982ms] [WARNING] A user uses an unsupported color format {name: cendiqkrn@gmail.com, color: var(--presence-6), userId: cmos8c1oy0000ubvlew517zno, avatarUrl: null} @ http://localhost:3000/_next/static/chunks/node_modules_9f223de4._.js:11267
[  523987ms] [WARNING] A user uses an unsupported color format {name: cendiqkrn@gmail.com, color: var(--presence-6), userId: cmos8c1oy0000ubvlew517zno, avatarUrl: null} @ http://localhost:3000/_next/static/chunks/node_modules_9f223de4._.js:11267
[  527073ms] [ERROR] WebSocket connection to 'ws://localhost:1234/' failed: Error in connection establishment: net::ERR_CONNECTION_REFUSED @ http://localhost:3000/_next/static/chunks/node_modules_%40hocuspocus_bbb5bd47._.js:1991
[  527094ms] [ERROR] WebSocket connection to 'ws://localhost:1234/' failed: Error in connection establishment: net::ERR_CONNECTION_REFUSED @ http://localhost:3000/_next/static/chunks/node_modules_%40hocuspocus_bbb5bd47._.js:1991
[  528086ms] [ERROR] WebSocket connection to 'ws://localhost:1234/' failed: Error in connection establishment: net::ERR_CONNECTION_REFUSED @ http://localhost:3000/_next/static/chunks/node_modules_%40hocuspocus_bbb5bd47._.js:1991
[  528108ms] [ERROR] WebSocket connection to 'ws://localhost:1234/' failed: Error in connection establishment: net::ERR_CONNECTION_REFUSED @ http://localhost:3000/_next/static/chunks/node_modules_%40hocuspocus_bbb5bd47._.js:1991
[  529390ms] [ERROR] WebSocket connection to 'ws://localhost:1234/' failed: Error in connection establishment: net::ERR_CONNECTION_REFUSED @ http://localhost:3000/_next/static/chunks/node_modules_%40hocuspocus_bbb5bd47._.js:1991
[  529499ms] [ERROR] WebSocket connection to 'ws://localhost:1234/' failed: Error in connection establishment: net::ERR_CONNECTION_REFUSED @ http://localhost:3000/_next/static/chunks/node_modules_%40hocuspocus_bbb5bd47._.js:1991
[  530904ms] [ERROR] WebSocket connection to 'ws://localhost:1234/' failed: Error in connection establishment: net::ERR_CONNECTION_REFUSED @ http://localhost:3000/_next/static/chunks/node_modules_%40hocuspocus_bbb5bd47._.js:1991
[  532390ms] [ERROR] WebSocket connection to 'ws://localhost:1234/' failed: Error in connection establishment: net::ERR_CONNECTION_REFUSED @ http://localhost:3000/_next/static/chunks/node_modules_%40hocuspocus_bbb5bd47._.js:1991
[  533845ms] [ERROR] WebSocket connection to 'ws://localhost:1234/' failed: Error in connection establishment: net::ERR_CONNECTION_REFUSED @ http://localhost:3000/_next/static/chunks/node_modules_%40hocuspocus_bbb5bd47._.js:1991
[  537584ms] [ERROR] WebSocket connection to 'ws://localhost:1234/' failed: Error in connection establishment: net::ERR_CONNECTION_REFUSED @ http://localhost:3000/_next/static/chunks/node_modules_%40hocuspocus_bbb5bd47._.js:1991
[  538479ms] [ERROR] WebSocket connection to 'ws://localhost:1234/' failed: Error in connection establishment: net::ERR_CONNECTION_REFUSED @ http://localhost:3000/_next/static/chunks/node_modules_%40hocuspocus_bbb5bd47._.js:1991
[  549080ms] [ERROR] WebSocket connection to 'ws://localhost:1234/' failed: Error in connection establishment: net::ERR_CONNECTION_REFUSED @ http://localhost:3000/_next/static/chunks/node_modules_%40hocuspocus_bbb5bd47._.js:1991
[  552871ms] [ERROR] WebSocket connection to 'ws://localhost:1234/' failed: Error in connection establishment: net::ERR_CONNECTION_REFUSED @ http://localhost:3000/_next/static/chunks/node_modules_%40hocuspocus_bbb5bd47._.js:1991
[  565260ms] [ERROR] WebSocket connection to 'ws://localhost:1234/' failed: Error in connection establishment: net::ERR_CONNECTION_REFUSED @ http://localhost:3000/_next/static/chunks/node_modules_%40hocuspocus_bbb5bd47._.js:1991
[  585704ms] [WARNING] A user uses an unsupported color format {name: cendiqkrn@gmail.com, color: var(--presence-6), userId: cmos8c1oy0000ubvlew517zno, avatarUrl: null} @ http://localhost:3000/_next/static/chunks/node_modules_9f223de4._.js:11267
[  587869ms] [WARNING] A user uses an unsupported color format {name: cendiqkrn@gmail.com, color: var(--presence-6), userId: cmos8c1oy0000ubvlew517zno, avatarUrl: null} @ http://localhost:3000/_next/static/chunks/node_modules_9f223de4._.js:11267
[  591353ms] [WARNING] A user uses an unsupported color format {name: cendiqkrn@gmail.com, color: var(--presence-6), userId: cmos8c1oy0000ubvlew517zno, avatarUrl: null} @ http://localhost:3000/_next/static/chunks/node_modules_9f223de4._.js:11267
[  598939ms] [WARNING] A user uses an unsupported color format {name: cendiqkrn@gmail.com, color: var(--presence-6), userId: cmos8c1oy0000ubvlew517zno, avatarUrl: null} @ http://localhost:3000/_next/static/chunks/node_modules_9f223de4._.js:11267
[  598940ms] [WARNING] A user uses an unsupported color format {name: cendeki4pp@gmail.com, color: var(--presence-5), userId: cmos8zj4a0007ubrdp7oskb4i, avatarUrl: null} @ http://localhost:3000/_next/static/chunks/node_modules_9f223de4._.js:11267
[  598988ms] [WARNING] A user uses an unsupported color format {name: cendiqkrn@gmail.com, color: var(--presence-6), userId: cmos8c1oy0000ubvlew517zno, avatarUrl: null} @ http://localhost:3000/_next/static/chunks/node_modules_9f223de4._.js:11267
[  598989ms] [WARNING] A user uses an unsupported color format {name: cendeki4pp@gmail.com, color: var(--presence-5), userId: cmos8zj4a0007ubrdp7oskb4i, avatarUrl: null} @ http://localhost:3000/_next/static/chunks/node_modules_9f223de4._.js:11267
[  599646ms] [WARNING] A user uses an unsupported color format {name: cendiqkrn@gmail.com, color: var(--presence-6), userId: cmos8c1oy0000ubvlew517zno, avatarUrl: null} @ http://localhost:3000/_next/static/chunks/node_modules_9f223de4._.js:11267
[  599646ms] [WARNING] A user uses an unsupported color format {name: cendeki4pp@gmail.com, color: var(--presence-5), userId: cmos8zj4a0007ubrdp7oskb4i, avatarUrl: null} @ http://localhost:3000/_next/static/chunks/node_modules_9f223de4._.js:11267
[  600246ms] [WARNING] A user uses an unsupported color format {name: cendiqkrn@gmail.com, color: var(--presence-6), userId: cmos8c1oy0000ubvlew517zno, avatarUrl: null} @ http://localhost:3000/_next/static/chunks/node_modules_9f223de4._.js:11267
[  600247ms] [WARNING] A user uses an unsupported color format {name: cendeki4pp@gmail.com, color: var(--presence-5), userId: cmos8zj4a0007ubrdp7oskb4i, avatarUrl: null} @ http://localhost:3000/_next/static/chunks/node_modules_9f223de4._.js:11267
[  605887ms] [WARNING] A user uses an unsupported color format {name: cendiqkrn@gmail.com, color: var(--presence-6), userId: cmos8c1oy0000ubvlew517zno, avatarUrl: null} @ http://localhost:3000/_next/static/chunks/node_modules_9f223de4._.js:11267
[  614571ms] [WARNING] A user uses an unsupported color format {name: cendiqkrn@gmail.com, color: var(--presence-6), userId: cmos8c1oy0000ubvlew517zno, avatarUrl: null} @ http://localhost:3000/_next/static/chunks/node_modules_9f223de4._.js:11267
[  614614ms] [WARNING] A user uses an unsupported color format {name: cendiqkrn@gmail.com, color: var(--presence-6), userId: cmos8c1oy0000ubvlew517zno, avatarUrl: null} @ http://localhost:3000/_next/static/chunks/node_modules_9f223de4._.js:11267
[ 2651057ms] [ERROR] WebSocket connection to 'ws://localhost:1234/' failed: Error in connection establishment: net::ERR_CONNECTION_REFUSED @ http://localhost:3000/_next/static/chunks/node_modules_%40hocuspocus_bbb5bd47._.js:1991
[ 2651058ms] [ERROR] WebSocket connection to 'ws://localhost:1234/' failed: Error in connection establishment: net::ERR_CONNECTION_REFUSED @ http://localhost:3000/_next/static/chunks/node_modules_%40hocuspocus_bbb5bd47._.js:1991
[ 2652062ms] [ERROR] WebSocket connection to 'ws://localhost:1234/' failed: Error in connection establishment: net::ERR_CONNECTION_REFUSED @ http://localhost:3000/_next/static/chunks/node_modules_%40hocuspocus_bbb5bd47._.js:1991
[ 2652075ms] [ERROR] WebSocket connection to 'ws://localhost:1234/' failed: Error in connection establishment: net::ERR_CONNECTION_REFUSED @ http://localhost:3000/_next/static/chunks/node_modules_%40hocuspocus_bbb5bd47._.js:1991
[ 2653291ms] [ERROR] WebSocket connection to 'ws://localhost:1234/' failed: Error in connection establishment: net::ERR_CONNECTION_REFUSED @ http://localhost:3000/_next/static/chunks/node_modules_%40hocuspocus_bbb5bd47._.js:1991
[ 2653359ms] [ERROR] WebSocket connection to 'ws://localhost:1234/' failed: Error in connection establishment: net::ERR_CONNECTION_REFUSED @ http://localhost:3000/_next/static/chunks/node_modules_%40hocuspocus_bbb5bd47._.js:1991
[ 2656241ms] [ERROR] WebSocket connection to 'ws://localhost:1234/' failed: Error in connection establishment: net::ERR_CONNECTION_REFUSED @ http://localhost:3000/_next/static/chunks/node_modules_%40hocuspocus_bbb5bd47._.js:1991
[ 2656999ms] [ERROR] WebSocket connection to 'ws://localhost:1234/' failed: Error in connection establishment: net::ERR_CONNECTION_REFUSED @ http://localhost:3000/_next/static/chunks/node_modules_%40hocuspocus_bbb5bd47._.js:1991
[ 2659652ms] [ERROR] WebSocket connection to 'ws://localhost:1234/' failed: Error in connection establishment: net::ERR_CONNECTION_REFUSED @ http://localhost:3000/_next/static/chunks/node_modules_%40hocuspocus_bbb5bd47._.js:1991
[ 2663887ms] [ERROR] WebSocket connection to 'ws://localhost:1234/' failed: Error in connection establishment: net::ERR_CONNECTION_REFUSED @ http://localhost:3000/_next/static/chunks/node_modules_%40hocuspocus_bbb5bd47._.js:1991
[ 2664472ms] [ERROR] WebSocket connection to 'ws://localhost:1234/' failed: Error in connection establishment: net::ERR_CONNECTION_REFUSED @ http://localhost:3000/_next/static/chunks/node_modules_%40hocuspocus_bbb5bd47._.js:1991
[ 2666179ms] [ERROR] WebSocket connection to 'ws://localhost:1234/' failed: Error in connection establishment: net::ERR_CONNECTION_REFUSED @ http://localhost:3000/_next/static/chunks/node_modules_%40hocuspocus_bbb5bd47._.js:1991
